Compiled with OpenMP and running with 8 threads.
imagefile = nanowire4.png 
P = 3 
finaltime = 1e-08 
timestep = 1e-12 
sample_width  = 2.1e-07 
sample_height = 1.3e-07 
sample_depth  = 1.5e-08 
xdim = 42 
ydim = 26 
zdim = 3 
demag = 1 
exchange = 1 
external = 0 
use_fmm = 0 
use_gpu = 1 
sim_name = sim_nanowire4_42x26x3_5nm_noHext_fixedstep_1e-12 
SEED = 2010 
IC = 0 
(xdim, ydim, zdim) = (42, 26, 3)
(sample_width, sample_height, sample_depth) = (2.1e-07, 1.3e-07, 1.5e-08)
(dx, dy, dz) = (5e-09, 5e-09, 5e-09)
Initial condition: Single Domain
If you want to see the initial state of M, now is the time! 

using device 0
launching kernel with 3276 blocks and 1024 threads...
1, 1e-12, 1e-12, 373.904, 0.999996, -0.000222239, 0.000429602, 1, 0.0647972 
If you want to see the initial state of M, now is the time! 

2, 2e-12, 1e-12, 373.9, 0.999984, -0.000455901, 0.000852737, 1, 0.0618945 
3, 3e-12, 1e-12, 373.896, 0.999964, -0.000700751, 0.00126937, 1, 0.0582873 
4, 4e-12, 1e-12, 373.892, 0.99994, -0.000956559, 0.00167954, 1, 0.0543447 
5, 5e-12, 1e-12, 373.889, 0.999909, -0.0012231, 0.00208327, 1, 0.0504907 
6, 6e-12, 1e-12, 373.885, 0.999876, -0.00150014, 0.00248062, 1, 0.046948 
7, 7e-12, 1e-12, 373.882, 0.999839, -0.00178749, 0.00287165, 1, 0.0437659 
8, 8e-12, 1e-12, 373.88, 0.9998, -0.00208491, 0.00325641, 1, 0.0409189 
9, 9e-12, 1e-12, 373.877, 0.999759, -0.00239221, 0.00363498, 1, 0.0383654 
10, 1e-11, 1e-12, 373.875, 0.999716, -0.0027092, 0.00400743, 1, 0.0360629 
11, 1.1e-11, 1e-12, 373.873, 0.999671, -0.00303566, 0.00437383, 1, 0.0339706 
12, 1.2e-11, 1e-12, 373.87, 0.999627, -0.00337143, 0.00473426, 1, 0.0320522 
13, 1.3e-11, 1e-12, 373.868, 0.999582, -0.0037163, 0.00508881, 1, 0.0302784 
14, 1.4e-11, 1e-12, 373.866, 0.999537, -0.00407011, 0.00543755, 1, 0.0286271 
15, 1.5e-11, 1e-12, 373.865, 0.999492, -0.00443267, 0.00578057, 1, 0.0270822 
16, 1.6e-11, 1e-12, 373.862, 0.999447, -0.00480382, 0.00611795, 1, 0.0256319 
17, 1.7e-11, 1e-12, 373.861, 0.999403, -0.00518339, 0.00644978, 1, 0.0242677 
18, 1.8e-11, 1e-12, 373.86, 0.999358, -0.00557122, 0.00677614, 1, 0.022983 
19, 1.9e-11, 1e-12, 373.858, 0.999315, -0.00596716, 0.00709711, 1, 0.0217742 
20, 2e-11, 1e-12, 373.857, 0.999271, -0.00637104, 0.00741279, 1, 0.0206385 
21, 2.1e-11, 1e-12, 373.855, 0.999228, -0.00678273, 0.00772326, 1, 0.0203521 
22, 2.2e-11, 1e-12, 373.854, 0.999185, -0.0072021, 0.0080286, 1, 0.0205147 
23, 2.3e-11, 1e-12, 373.852, 0.999143, -0.00762899, 0.0083289, 1, 0.020653 
24, 2.4e-11, 1e-12, 373.851, 0.999101, -0.00806327, 0.00862424, 1, 0.0207688 
25, 2.5e-11, 1e-12, 373.85, 0.999059, -0.00850481, 0.00891471, 1, 0.0208632 
26, 2.6e-11, 1e-12, 373.849, 0.999017, -0.00895349, 0.00920038, 1, 0.0209375 
27, 2.7e-11, 1e-12, 373.847, 0.998975, -0.00940919, 0.00948134, 1, 0.0209925 
28, 2.8e-11, 1e-12, 373.846, 0.998932, -0.00987178, 0.00975767, 1, 0.021029 
29, 2.9e-11, 1e-12, 373.845, 0.998889, -0.0103411, 0.0100294, 1, 0.0210477 
30, 3e-11, 1e-12, 373.844, 0.998845, -0.0108172, 0.0102967, 1, 0.021049 
31, 3.1e-11, 1e-12, 373.843, 0.998801, -0.0112997, 0.0105596, 1, 0.0210334 
32, 3.2e-11, 1e-12, 373.842, 0.998755, -0.0117887, 0.0108182, 1, 0.0210017 
33, 3.3e-11, 1e-12, 373.84, 0.99871, -0.012284, 0.0110725, 1, 0.0209543 
34, 3.4e-11, 1e-12, 373.839, 0.998662, -0.0127856, 0.0113227, 1, 0.0208919 
35, 3.5e-11, 1e-12, 373.838, 0.998614, -0.0132933, 0.0115687, 1, 0.0208156 
36, 3.6e-11, 1e-12, 373.837, 0.998566, -0.0138069, 0.0118107, 1, 0.0207261 
37, 3.7e-11, 1e-12, 373.836, 0.998515, -0.0143265, 0.0120488, 1, 0.0206248 
38, 3.8e-11, 1e-12, 373.835, 0.998464, -0.0148519, 0.012283, 1, 0.0205128 
39, 3.9e-11, 1e-12, 373.834, 0.998409, -0.015383, 0.0125133, 1, 0.0203915 
40, 4e-11, 1e-12, 373.833, 0.998353, -0.0159198, 0.0127399, 1, 0.0202625 
41, 4.1e-11, 1e-12, 373.832, 0.998297, -0.016462, 0.0129628, 1, 0.0201272 
42, 4.2e-11, 1e-12, 373.831, 0.998238, -0.0170097, 0.0131822, 1, 0.0199872 
43, 4.3e-11, 1e-12, 373.829, 0.998177, -0.0175628, 0.0133979, 1, 0.019844 
44, 4.4e-11, 1e-12, 373.828, 0.998115, -0.0181211, 0.0136103, 1, 0.019699 
45, 4.5e-11, 1e-12, 373.827, 0.99805, -0.0186845, 0.0138192, 1, 0.0195534 
46, 4.6e-11, 1e-12, 373.826, 0.997983, -0.0192531, 0.0140248, 1, 0.0194088 
47, 4.7e-11, 1e-12, 373.825, 0.997914, -0.0198266, 0.0142271, 1, 0.0192658 
48, 4.8e-11, 1e-12, 373.824, 0.997844, -0.0204051, 0.0144263, 1, 0.0191258 
49, 4.9e-11, 1e-12, 373.823, 0.997771, -0.0209884, 0.0146224, 1, 0.0189893 
50, 5e-11, 1e-12, 373.822, 0.997696, -0.0215765, 0.0148154, 1, 0.0188571 
51, 5.1e-11, 1e-12, 373.821, 0.997619, -0.0221692, 0.0150054, 1, 0.0187298 
52, 5.2e-11, 1e-12, 373.82, 0.997539, -0.0227666, 0.0151926, 1, 0.0186078 
53, 5.3e-11, 1e-12, 373.818, 0.997458, -0.0233684, 0.0153769, 1, 0.0184914 
54, 5.4e-11, 1e-12, 373.817, 0.997374, -0.0239748, 0.0155585, 1, 0.018381 
55, 5.5e-11, 1e-12, 373.816, 0.997288, -0.0245855, 0.0157374, 1, 0.0182765 
56, 5.6e-11, 1e-12, 373.815, 0.997199, -0.0252006, 0.0159137, 1, 0.0181783 
57, 5.7e-11, 1e-12, 373.814, 0.997109, -0.02582, 0.0160875, 1, 0.0180865 
58, 5.8e-11, 1e-12, 373.813, 0.997017, -0.0264435, 0.0162588, 1, 0.0180031 
59, 5.9e-11, 1e-12, 373.812, 0.996922, -0.0270712, 0.0164277, 1, 0.0179677 
60, 6e-11, 1e-12, 373.811, 0.996824, -0.027703, 0.0165944, 1, 0.0179364 
61, 6.1e-11, 1e-12, 373.81, 0.996725, -0.0283388, 0.0167588, 1, 0.0179094 
62, 6.2e-11, 1e-12, 373.809, 0.996624, -0.0289786, 0.0169211, 1, 0.0178867 
63, 6.3e-11, 1e-12, 373.807, 0.996521, -0.0296223, 0.0170812, 1, 0.0178683 
64, 6.4e-11, 1e-12, 373.806, 0.996415, -0.0302699, 0.0172394, 1, 0.0178541 
65, 6.5e-11, 1e-12, 373.805, 0.996308, -0.0309213, 0.0173957, 1, 0.0178454 
66, 6.6e-11, 1e-12, 373.804, 0.996199, -0.0315765, 0.0175501, 1, 0.017878 
67, 6.7e-11, 1e-12, 373.803, 0.996087, -0.0322355, 0.0177027, 1, 0.0179102 
68, 6.8e-11, 1e-12, 373.801, 0.995974, -0.0328982, 0.0178536, 1, 0.017942 
69, 6.9e-11, 1e-12, 373.8, 0.995858, -0.0335645, 0.0180029, 1, 0.0179734 
70, 7e-11, 1e-12, 373.799, 0.99574, -0.0342345, 0.0181507, 1, 0.0180044 
71, 7.1e-11, 1e-12, 373.798, 0.995621, -0.034908, 0.018297, 1, 0.018035 
72, 7.2e-11, 1e-12, 373.797, 0.995499, -0.0355852, 0.0184418, 1, 0.0180649 
73, 7.3e-11, 1e-12, 373.796, 0.995376, -0.0362658, 0.0185854, 1, 0.0180943 
74, 7.4e-11, 1e-12, 373.794, 0.99525, -0.03695, 0.0187277, 1, 0.0181231 
75, 7.5e-11, 1e-12, 373.794, 0.995123, -0.0376377, 0.0188689, 1, 0.0181513 
76, 7.59999e-11, 1e-12, 373.792, 0.994993, -0.0383288, 0.019009, 1, 0.018179 
77, 7.69999e-11, 1e-12, 373.791, 0.994863, -0.0390234, 0.019148, 1, 0.0182062 
78, 7.79999e-11, 1e-12, 373.79, 0.99473, -0.0397214, 0.0192861, 1, 0.0182328 
79, 7.89999e-11, 1e-12, 373.789, 0.994595, -0.0404229, 0.0194233, 1, 0.0182587 
80, 7.99999e-11, 1e-12, 373.788, 0.994458, -0.0411277, 0.0195597, 1, 0.018284 
81, 8.09999e-11, 1e-12, 373.786, 0.99432, -0.0418359, 0.0196954, 1, 0.0183089 
82, 8.19999e-11, 1e-12, 373.785, 0.99418, -0.0425476, 0.0198305, 1, 0.0183333 
83, 8.29999e-11, 1e-12, 373.784, 0.994037, -0.0432626, 0.0199649, 1, 0.018357 
84, 8.39999e-11, 1e-12, 373.782, 0.993894, -0.0439809, 0.0200989, 1, 0.0183802 
85, 8.49999e-11, 1e-12, 373.781, 0.993748, -0.0447027, 0.0202324, 1, 0.0184096 
86, 8.59999e-11, 1e-12, 373.78, 0.993599, -0.0454278, 0.0203655, 1, 0.0184631 
87, 8.69999e-11, 1e-12, 373.779, 0.99345, -0.0461563, 0.0204984, 1, 0.0185173 
88, 8.79999e-11, 1e-12, 373.777, 0.993298, -0.0468882, 0.020631, 1, 0.0185719 
89, 8.89999e-11, 1e-12, 373.776, 0.993145, -0.0476234, 0.0207634, 1, 0.0186265 
90, 8.99999e-11, 1e-12, 373.775, 0.99299, -0.0483621, 0.0208958, 1, 0.0186815 
91, 9.09999e-11, 1e-12, 373.773, 0.992833, -0.0491042, 0.0210281, 1, 0.0187361 
92, 9.19999e-11, 1e-12, 373.772, 0.992674, -0.0498496, 0.0211604, 1, 0.0187904 
93, 9.29999e-11, 1e-12, 373.771, 0.992513, -0.0505985, 0.0212928, 1, 0.0188442 
94, 9.39999e-11, 1e-12, 373.77, 0.99235, -0.0513509, 0.0214254, 1, 0.0188973 
95, 9.49999e-11, 1e-12, 373.768, 0.992185, -0.0521067, 0.0215582, 1, 0.0189495 
96, 9.59999e-11, 1e-12, 373.767, 0.992019, -0.052866, 0.0216914, 1, 0.0190008 
97, 9.69999e-11, 1e-12, 373.766, 0.991849, -0.0536288, 0.0218248, 1, 0.019051 
98, 9.79999e-11, 1e-12, 373.764, 0.991678, -0.0543951, 0.0219587, 1, 0.0191001 
99, 9.89999e-11, 1e-12, 373.763, 0.991506, -0.055165, 0.022093, 1, 0.019148 
100, 9.99999e-11, 1e-12, 373.762, 0.991331, -0.0559385, 0.0222278, 1, 0.0192006 
101, 1.01e-10, 1e-12, 373.76, 0.991154, -0.0567155, 0.0223633, 1, 0.0192621 
102, 1.02e-10, 1e-12, 373.759, 0.990976, -0.0574961, 0.0224993, 1, 0.0193216 
103, 1.03e-10, 1e-12, 373.758, 0.990794, -0.0582805, 0.0226361, 1, 0.019379 
104, 1.04e-10, 1e-12, 373.756, 0.990611, -0.0590685, 0.0227736, 1, 0.0194344 
105, 1.05e-10, 1e-12, 373.755, 0.990425, -0.0598603, 0.0229119, 1, 0.0194878 
106, 1.06e-10, 1e-12, 373.753, 0.990238, -0.0606558, 0.023051, 1, 0.0195393 
107, 1.07e-10, 1e-12, 373.752, 0.990047, -0.0614551, 0.0231911, 1, 0.0195886 
108, 1.08e-10, 1e-12, 373.751, 0.989856, -0.0622582, 0.0233321, 1, 0.0196364 
109, 1.09e-10, 1e-12, 373.749, 0.989661, -0.0630652, 0.0234741, 1, 0.0196825 
110, 1.1e-10, 1e-12, 373.748, 0.989465, -0.0638761, 0.0236171, 1, 0.0197269 
111, 1.11e-10, 1e-12, 373.747, 0.989266, -0.0646909, 0.0237613, 1, 0.0197696 
112, 1.12e-10, 1e-12, 373.745, 0.989065, -0.0655097, 0.0239066, 1, 0.0198108 
113, 1.13e-10, 1e-12, 373.744, 0.988861, -0.0663326, 0.0240531, 1, 0.019851 
114, 1.14e-10, 1e-12, 373.742, 0.988655, -0.0671594, 0.0242008, 1, 0.0198902 
115, 1.15e-10, 1e-12, 373.74, 0.988446, -0.0679905, 0.0243497, 1, 0.0199281 
116, 1.16e-10, 1e-12, 373.739, 0.988235, -0.0688257, 0.0245, 1, 0.0199653 
117, 1.17e-10, 1e-12, 373.737, 0.988021, -0.0696651, 0.0246517, 1, 0.0200019 
118, 1.18e-10, 1e-12, 373.736, 0.987805, -0.0705087, 0.0248047, 1, 0.0200377 
119, 1.19e-10, 1e-12, 373.734, 0.987586, -0.0713566, 0.0249592, 1, 0.0200732 
120, 1.2e-10, 1e-12, 373.733, 0.987365, -0.0722089, 0.0251152, 1, 0.0201083 
121, 1.21e-10, 1e-12, 373.731, 0.987141, -0.0730655, 0.0252726, 1, 0.0201433 
122, 1.22e-10, 1e-12, 373.73, 0.986913, -0.0739266, 0.0254316, 1, 0.0201781 
123, 1.23e-10, 1e-12, 373.728, 0.986684, -0.0747922, 0.0255922, 1, 0.0202132 
124, 1.24e-10, 1e-12, 373.726, 0.986451, -0.0756622, 0.0257544, 1, 0.0202483 
125, 1.25e-10, 1e-12, 373.725, 0.986216, -0.076537, 0.0259182, 1, 0.0202839 
126, 1.26e-10, 1e-12, 373.723, 0.985978, -0.0774163, 0.0260838, 1, 0.0203196 
127, 1.27e-10, 1e-12, 373.721, 0.985736, -0.0783004, 0.026251, 1, 0.0203561 
128, 1.28e-10, 1e-12, 373.72, 0.985493, -0.0791892, 0.02642, 1, 0.020393 
129, 1.29e-10, 1e-12, 373.718, 0.985245, -0.0800827, 0.0265907, 1, 0.0204304 
130, 1.3e-10, 1e-12, 373.716, 0.984995, -0.0809811, 0.0267632, 1, 0.0204685 
131, 1.31e-10, 1e-12, 373.715, 0.984741, -0.0818845, 0.0269376, 1, 0.0205073 
132, 1.32e-10, 1e-12, 373.713, 0.984485, -0.0827928, 0.0271138, 1, 0.0205472 
133, 1.33e-10, 1e-12, 373.711, 0.984224, -0.0837061, 0.0272918, 1, 0.0205875 
134, 1.34e-10, 1e-12, 373.709, 0.983961, -0.0846244, 0.0274717, 1, 0.0206289 
135, 1.35e-10, 1e-12, 373.707, 0.983694, -0.0855478, 0.0276536, 1, 0.0206713 
136, 1.36e-10, 1e-12, 373.705, 0.983424, -0.0864765, 0.0278374, 1, 0.0207317 
137, 1.37e-10, 1e-12, 373.703, 0.983151, -0.0874103, 0.028023, 1, 0.0208116 
138, 1.38e-10, 1e-12, 373.701, 0.982873, -0.0883495, 0.0282108, 1, 0.0208917 
139, 1.39e-10, 1e-12, 373.7, 0.982593, -0.0892939, 0.0284004, 1, 0.0209718 
140, 1.4e-10, 1e-12, 373.698, 0.982309, -0.0902437, 0.0285921, 1, 0.0210517 
141, 1.41e-10, 1e-12, 373.696, 0.98202, -0.0911989, 0.0287858, 1, 0.0211318 
142, 1.42e-10, 1e-12, 373.694, 0.981728, -0.0921597, 0.0289815, 1, 0.0212118 
143, 1.43e-10, 1e-12, 373.692, 0.981432, -0.093126, 0.0291792, 1, 0.0212918 
144, 1.44e-10, 1e-12, 373.689, 0.981132, -0.0940978, 0.029379, 1, 0.0213843 
145, 1.45e-10, 1e-12, 373.688, 0.980828, -0.0950753, 0.0295809, 1, 0.0214877 
146, 1.46e-10, 1e-12, 373.685, 0.98052, -0.0960585, 0.0297848, 1, 0.0215911 
147, 1.47e-10, 1e-12, 373.683, 0.980208, -0.0970474, 0.0299907, 1, 0.0216944 
148, 1.48e-10, 1e-12, 373.681, 0.979891, -0.0980421, 0.0301988, 1, 0.0217981 
149, 1.49e-10, 1e-12, 373.679, 0.97957, -0.0990426, 0.0304089, 1, 0.0219021 
150, 1.5e-10, 1e-12, 373.677, 0.979245, -0.100049, 0.0306211, 1, 0.0220061 
151, 1.51e-10, 1e-12, 373.674, 0.978915, -0.101061, 0.0308354, 1, 0.0221104 
152, 1.52e-10, 1e-12, 373.672, 0.978581, -0.10208, 0.0310517, 1, 0.0222149 
153, 1.53e-10, 1e-12, 373.67, 0.978242, -0.103104, 0.0312702, 1, 0.0223194 
154, 1.54e-10, 1e-12, 373.668, 0.977898, -0.104134, 0.0314906, 1, 0.0224239 
155, 1.55e-10, 1e-12, 373.665, 0.977549, -0.105171, 0.0317132, 1, 0.0225289 
156, 1.56e-10, 1e-12, 373.663, 0.977196, -0.106213, 0.0319378, 1, 0.0226339 
157, 1.57e-10, 1e-12, 373.66, 0.976837, -0.107262, 0.0321644, 1, 0.0227393 
158, 1.58e-10, 1e-12, 373.658, 0.976473, -0.108317, 0.0323931, 1, 0.0228726 
159, 1.59e-10, 1e-12, 373.655, 0.976104, -0.109379, 0.0326239, 1, 0.0230065 
160, 1.6e-10, 1e-12, 373.653, 0.97573, -0.110446, 0.0328566, 1, 0.0231407 
161, 1.61e-10, 1e-12, 373.65, 0.97535, -0.11152, 0.0330913, 1, 0.0232751 
162, 1.62e-10, 1e-12, 373.648, 0.974965, -0.1126, 0.033328, 1, 0.0234099 
163, 1.63e-10, 1e-12, 373.645, 0.974575, -0.113687, 0.0335666, 1, 0.0235448 
164, 1.64e-10, 1e-12, 373.642, 0.974178, -0.11478, 0.0338072, 1, 0.02368 
165, 1.65e-10, 1e-12, 373.639, 0.973775, -0.115879, 0.0340498, 1, 0.0238152 
166, 1.66e-10, 1e-12, 373.637, 0.973367, -0.116985, 0.0342942, 1, 0.0239507 
167, 1.67e-10, 1e-12, 373.634, 0.972953, -0.118098, 0.0345404, 1, 0.024086 
168, 1.68e-10, 1e-12, 373.631, 0.972532, -0.119217, 0.0347885, 1, 0.0242394 
169, 1.69e-10, 1e-12, 373.628, 0.972105, -0.120342, 0.0350384, 1, 0.0244073 
170, 1.7e-10, 1e-12, 373.625, 0.971672, -0.121474, 0.0352901, 1, 0.0245753 
171, 1.71e-10, 1e-12, 373.622, 0.971233, -0.122613, 0.0355435, 1, 0.0247434 
172, 1.72e-10, 1e-12, 373.619, 0.970786, -0.123758, 0.0357987, 1, 0.0249115 
173, 1.73e-10, 1e-12, 373.616, 0.970334, -0.12491, 0.0360555, 1, 0.0250796 
174, 1.74e-10, 1e-12, 373.613, 0.969874, -0.126068, 0.0363139, 1, 0.0252479 
175, 1.75e-10, 1e-12, 373.609, 0.969408, -0.127233, 0.036574, 1, 0.0254157 
176, 1.76e-10, 1e-12, 373.606, 0.968934, -0.128404, 0.0368355, 1, 0.0255835 
177, 1.77e-10, 1e-12, 373.603, 0.968454, -0.129583, 0.0370986, 1, 0.0257652 
178, 1.78e-10, 1e-12, 373.6, 0.967966, -0.130767, 0.0373631, 1, 0.0259666 
179, 1.79e-10, 1e-12, 373.596, 0.967471, -0.131958, 0.0376291, 1, 0.0261679 
180, 1.8e-10, 1e-12, 373.593, 0.966968, -0.133156, 0.0378964, 1, 0.026369 
181, 1.81e-10, 1e-12, 373.59, 0.966458, -0.134361, 0.038165, 1, 0.0265698 
182, 1.82e-10, 1e-12, 373.586, 0.96594, -0.135571, 0.0384348, 1, 0.02677 
183, 1.83e-10, 1e-12, 373.583, 0.965414, -0.136789, 0.0387058, 1, 0.0269698 
184, 1.84e-10, 1e-12, 373.579, 0.96488, -0.138013, 0.0389779, 1, 0.027169 
185, 1.85e-10, 1e-12, 373.575, 0.964338, -0.139243, 0.0392511, 1, 0.0273677 
186, 1.86e-10, 1e-12, 373.571, 0.963788, -0.14048, 0.0395253, 1, 0.0275852 
187, 1.87e-10, 1e-12, 373.568, 0.963229, -0.141723, 0.0398004, 1, 0.0278169 
188, 1.88e-10, 1e-12, 373.564, 0.962663, -0.142973, 0.0400764, 1, 0.028048 
189, 1.89e-10, 1e-12, 373.56, 0.962087, -0.144228, 0.0403532, 1, 0.0282781 
190, 1.9e-10, 1e-12, 373.556, 0.961504, -0.145491, 0.0406307, 1, 0.0285075 
191, 1.91e-10, 1e-12, 373.552, 0.960911, -0.146759, 0.0409089, 1, 0.0287358 
192, 1.92e-10, 1e-12, 373.548, 0.960309, -0.148033, 0.0411876, 1, 0.0289633 
193, 1.93e-10, 1e-12, 373.544, 0.959699, -0.149314, 0.0414668, 1, 0.0291895 
194, 1.94e-10, 1e-12, 373.54, 0.959079, -0.150601, 0.0417463, 1, 0.0294144 
195, 1.95e-10, 1e-12, 373.536, 0.958451, -0.151893, 0.0420263, 1, 0.0296498 
196, 1.96e-10, 1e-12, 373.531, 0.957812, -0.153192, 0.0423064, 1, 0.0299069 
197, 1.97e-10, 1e-12, 373.527, 0.957164, -0.154496, 0.0425867, 1, 0.0301628 
198, 1.98e-10, 1e-12, 373.522, 0.956508, -0.155807, 0.0428671, 1, 0.0304175 
199, 1.99e-10, 1e-12, 373.518, 0.955841, -0.157123, 0.0431473, 1, 0.0306708 
200, 2e-10, 1e-12, 373.514, 0.955164, -0.158444, 0.0434275, 1, 0.0309226 
201, 2.01e-10, 1e-12, 373.509, 0.954479, -0.159771, 0.0437074, 1, 0.0311727 
202, 2.02e-10, 1e-12, 373.504, 0.953782, -0.161103, 0.043987, 1, 0.031421 
203, 2.03e-10, 1e-12, 373.499, 0.953076, -0.162441, 0.0442661, 1, 0.0316675 
204, 2.04e-10, 1e-12, 373.495, 0.952359, -0.163784, 0.0445446, 1, 0.0319122 
205, 2.05e-10, 1e-12, 373.49, 0.951632, -0.165132, 0.0448226, 1, 0.0321547 
206, 2.06e-10, 1e-12, 373.485, 0.950896, -0.166485, 0.0450997, 1, 0.0323995 
207, 2.07e-10, 1e-12, 373.48, 0.950148, -0.167843, 0.045376, 1, 0.0326727 
208, 2.08e-10, 1e-12, 373.475, 0.94939, -0.169206, 0.0456514, 1, 0.0329441 
209, 2.09e-10, 1e-12, 373.47, 0.948622, -0.170573, 0.0459256, 1, 0.0332134 
210, 2.1e-10, 1e-12, 373.465, 0.947843, -0.171945, 0.0461985, 1, 0.0334807 
211, 2.11e-10, 1e-12, 373.46, 0.947053, -0.173321, 0.0464702, 1, 0.0337453 
212, 2.12e-10, 1e-12, 373.454, 0.946252, -0.174701, 0.0467404, 1, 0.0340076 
213, 2.13e-10, 1e-12, 373.449, 0.945441, -0.176086, 0.047009, 1, 0.0342674 
214, 2.14e-10, 1e-12, 373.444, 0.944618, -0.177474, 0.0472759, 1, 0.0345242 
215, 2.15e-10, 1e-12, 373.439, 0.943785, -0.178866, 0.047541, 1, 0.0347782 
216, 2.16e-10, 1e-12, 373.433, 0.942941, -0.180262, 0.0478041, 1, 0.0350293 
217, 2.17e-10, 1e-12, 373.427, 0.942086, -0.181661, 0.0480652, 1, 0.0352771 
218, 2.18e-10, 1e-12, 373.422, 0.941219, -0.183064, 0.048324, 1, 0.0355525 
219, 2.19e-10, 1e-12, 373.416, 0.940341, -0.184469, 0.0485804, 1, 0.0358323 
220, 2.2e-10, 1e-12, 373.411, 0.939453, -0.185878, 0.0488344, 1, 0.0361091 
221, 2.21e-10, 1e-12, 373.405, 0.938553, -0.187289, 0.0490857, 1, 0.0363829 
222, 2.22e-10, 1e-12, 373.399, 0.937642, -0.188703, 0.0493343, 1, 0.0366535 
223, 2.23e-10, 1e-12, 373.393, 0.936719, -0.190119, 0.04958, 1, 0.0369207 
224, 2.24e-10, 1e-12, 373.387, 0.935786, -0.191537, 0.0498227, 1, 0.0372316 
225, 2.25001e-10, 1e-12, 373.381, 0.934841, -0.192957, 0.0500622, 1, 0.0376167 
226, 2.26001e-10, 1e-12, 373.375, 0.933884, -0.19438, 0.0502984, 1, 0.038001 
227, 2.27001e-10, 1e-12, 373.369, 0.932917, -0.195803, 0.0505311, 1, 0.0383844 
228, 2.28001e-10, 1e-12, 373.362, 0.931938, -0.197228, 0.0507603, 1, 0.038767 
229, 2.29001e-10, 1e-12, 373.356, 0.930948, -0.198654, 0.0509857, 1, 0.0391484 
230, 2.30001e-10, 1e-12, 373.35, 0.929947, -0.200082, 0.0512072, 1, 0.0395282 
231, 2.31001e-10, 1e-12, 373.343, 0.928935, -0.201509, 0.0514247, 1, 0.0399066 
232, 2.32001e-10, 1e-12, 373.337, 0.927911, -0.202938, 0.0516381, 1, 0.0402833 
233, 2.33001e-10, 1e-12, 373.331, 0.926877, -0.204366, 0.0518472, 1, 0.0406581 
234, 2.34001e-10, 1e-12, 373.324, 0.925832, -0.205795, 0.0520518, 1, 0.0410311 
235, 2.35001e-10, 1e-12, 373.318, 0.924776, -0.207224, 0.0522518, 1, 0.0414018 
236, 2.36001e-10, 1e-12, 373.311, 0.923708, -0.208652, 0.0524472, 1, 0.04177 
237, 2.37001e-10, 1e-12, 373.304, 0.922631, -0.210079, 0.0526376, 1, 0.0421356 
238, 2.38001e-10, 1e-12, 373.298, 0.921543, -0.211506, 0.0528231, 1, 0.0424984 
239, 2.39001e-10, 1e-12, 373.291, 0.920444, -0.212932, 0.0530034, 1, 0.0428584 
240, 2.40001e-10, 1e-12, 373.284, 0.919334, -0.214356, 0.0531785, 1, 0.0432151 
241, 2.41001e-10, 1e-12, 373.278, 0.918214, -0.215778, 0.0533481, 1, 0.0435684 
242, 2.42001e-10, 1e-12, 373.271, 0.917084, -0.217199, 0.0535123, 1, 0.043918 
243, 2.43001e-10, 1e-12, 373.264, 0.915944, -0.218617, 0.0536707, 1, 0.0442639 
244, 2.44001e-10, 1e-12, 373.257, 0.914793, -0.220034, 0.0538233, 1, 0.044606 
245, 2.45001e-10, 1e-12, 373.25, 0.913635, -0.221447, 0.0539701, 1, 0.0449435 
246, 2.46001e-10, 1e-12, 373.243, 0.912465, -0.222858, 0.0541108, 1, 0.0452765 
247, 2.47001e-10, 1e-12, 373.236, 0.911286, -0.224266, 0.0542452, 1, 0.0456052 
248, 2.48001e-10, 1e-12, 373.229, 0.910097, -0.22567, 0.0543734, 1, 0.0459289 
249, 2.49001e-10, 1e-12, 373.222, 0.9089, -0.227071, 0.0544952, 1, 0.0462475 
250, 2.50001e-10, 1e-12, 373.215, 0.907694, -0.228469, 0.0546105, 1, 0.0465605 
251, 2.51001e-10, 1e-12, 373.207, 0.90648, -0.229862, 0.0547191, 1, 0.0468682 
252, 2.52001e-10, 1e-12, 373.2, 0.905256, -0.23125, 0.0548208, 1, 0.0471701 
253, 2.53001e-10, 1e-12, 373.193, 0.904025, -0.232635, 0.054916, 1, 0.0474658 
254, 2.54001e-10, 1e-12, 373.186, 0.902785, -0.234014, 0.055004, 1, 0.0477557 
255, 2.55001e-10, 1e-12, 373.179, 0.901537, -0.235389, 0.055085, 1, 0.0480386 
256, 2.56001e-10, 1e-12, 373.172, 0.900282, -0.236758, 0.0551589, 1, 0.048315 
257, 2.57001e-10, 1e-12, 373.164, 0.89902, -0.238122, 0.0552255, 1, 0.0485848 
258, 2.58001e-10, 1e-12, 373.157, 0.89775, -0.239479, 0.0552848, 1, 0.0488472 
259, 2.59001e-10, 1e-12, 373.15, 0.896474, -0.240832, 0.0553367, 1, 0.0491024 
260, 2.60001e-10, 1e-12, 373.143, 0.895191, -0.242177, 0.0553812, 1, 0.0493493 
261, 2.61001e-10, 1e-12, 373.135, 0.893902, -0.243517, 0.0554181, 1, 0.0495891 
262, 2.62001e-10, 1e-12, 373.128, 0.892606, -0.24485, 0.0554474, 1, 0.0498212 
263, 2.63001e-10, 1e-12, 373.121, 0.891306, -0.246176, 0.055469, 1, 0.0500443 
264, 2.64001e-10, 1e-12, 373.114, 0.889999, -0.247495, 0.055483, 1, 0.0502594 
265, 2.65001e-10, 1e-12, 373.107, 0.888689, -0.248807, 0.0554891, 1, 0.0504659 
266, 2.66001e-10, 1e-12, 373.099, 0.887372, -0.250111, 0.0554874, 1, 0.0506636 
267, 2.67001e-10, 1e-12, 373.092, 0.886052, -0.251408, 0.0554779, 1, 0.0508522 
268, 2.68001e-10, 1e-12, 373.085, 0.884727, -0.252697, 0.0554605, 1, 0.0510314 
269, 2.69001e-10, 1e-12, 373.078, 0.8834, -0.253978, 0.0554351, 1, 0.0512012 
270, 2.70001e-10, 1e-12, 373.07, 0.882068, -0.255251, 0.0554018, 1, 0.0513616 
271, 2.71001e-10, 1e-12, 373.063, 0.880733, -0.256515, 0.0553606, 1, 0.0515121 
272, 2.72001e-10, 1e-12, 373.056, 0.879396, -0.257772, 0.0553114, 1, 0.0516527 
273, 2.73001e-10, 1e-12, 373.049, 0.878056, -0.259019, 0.0552542, 1, 0.0517834 
274, 2.74001e-10, 1e-12, 373.042, 0.876714, -0.260257, 0.0551891, 1, 0.0519035 
275, 2.75001e-10, 1e-12, 373.035, 0.875371, -0.261487, 0.0551159, 1, 0.0520132 
276, 2.76001e-10, 1e-12, 373.028, 0.874027, -0.262707, 0.0550349, 1, 0.0521127 
277, 2.77001e-10, 1e-12, 373.021, 0.872681, -0.263919, 0.054946, 1, 0.0522014 
278, 2.78001e-10, 1e-12, 373.014, 0.871335, -0.26512, 0.0548491, 1, 0.052279 
279, 2.79001e-10, 1e-12, 373.007, 0.869989, -0.266313, 0.0547444, 1, 0.0523457 
280, 2.80001e-10, 1e-12, 373, 0.868642, -0.267495, 0.0546319, 1, 0.0524016 
281, 2.81001e-10, 1e-12, 372.994, 0.867296, -0.268669, 0.0545116, 1, 0.0524462 
282, 2.82001e-10, 1e-12, 372.987, 0.865952, -0.269832, 0.0543835, 1, 0.0524795 
283, 2.83001e-10, 1e-12, 372.98, 0.864608, -0.270986, 0.0542479, 1, 0.052502 
284, 2.84001e-10, 1e-12, 372.973, 0.863267, -0.272129, 0.0541046, 1, 0.0525125 
285, 2.85001e-10, 1e-12, 372.967, 0.861927, -0.273262, 0.0539538, 1, 0.0525117 
286, 2.86001e-10, 1e-12, 372.96, 0.86059, -0.274386, 0.0537956, 1, 0.0524995 
287, 2.87001e-10, 1e-12, 372.953, 0.859255, -0.275499, 0.05363, 1, 0.0524755 
288, 2.88001e-10, 1e-12, 372.947, 0.857924, -0.276602, 0.0534572, 1, 0.0524402 
289, 2.89001e-10, 1e-12, 372.941, 0.856596, -0.277695, 0.0532772, 1, 0.0523932 
290, 2.90001e-10, 1e-12, 372.934, 0.855272, -0.278778, 0.0530901, 1, 0.0523345 
291, 2.91001e-10, 1e-12, 372.928, 0.853953, -0.27985, 0.052896, 1, 0.0522641 
292, 2.92001e-10, 1e-12, 372.922, 0.852638, -0.280912, 0.0526951, 1, 0.0521821 
293, 2.93001e-10, 1e-12, 372.915, 0.851328, -0.281964, 0.0524875, 1, 0.0520888 
294, 2.94001e-10, 1e-12, 372.909, 0.850024, -0.283006, 0.0522733, 1, 0.0519836 
295, 2.95001e-10, 1e-12, 372.903, 0.848725, -0.284037, 0.0520526, 1, 0.0518673 
296, 2.96001e-10, 1e-12, 372.897, 0.847432, -0.285058, 0.0518256, 1, 0.0517395 
297, 2.97001e-10, 1e-12, 372.891, 0.846146, -0.286069, 0.0515923, 1, 0.0515998 
298, 2.98001e-10, 1e-12, 372.885, 0.844867, -0.28707, 0.051353, 1, 0.0514489 
299, 2.99001e-10, 1e-12, 372.879, 0.843594, -0.288061, 0.0511078, 1, 0.0512868 
300, 3.00001e-10, 1e-12, 372.874, 0.842329, -0.289041, 0.0508569, 1, 0.0511134 
301, 3.01001e-10, 1e-12, 372.868, 0.841072, -0.290012, 0.0506004, 1, 0.0509289 
302, 3.02001e-10, 1e-12, 372.862, 0.839823, -0.290972, 0.0503384, 1, 0.0507338 
303, 3.03001e-10, 1e-12, 372.857, 0.838581, -0.291923, 0.0500712, 1, 0.0505274 
304, 3.04001e-10, 1e-12, 372.852, 0.837349, -0.292864, 0.0497989, 1, 0.0503108 
305, 3.05001e-10, 1e-12, 372.846, 0.836126, -0.293795, 0.0495217, 1, 0.0500832 
306, 3.06001e-10, 1e-12, 372.841, 0.834912, -0.294716, 0.0492398, 1, 0.0498457 
307, 3.07001e-10, 1e-12, 372.836, 0.833708, -0.295628, 0.0489533, 1, 0.0495972 
308, 3.08001e-10, 1e-12, 372.83, 0.832513, -0.296531, 0.0486624, 1, 0.049339 
309, 3.09001e-10, 1e-12, 372.825, 0.831329, -0.297424, 0.0483674, 1, 0.0490708 
310, 3.10001e-10, 1e-12, 372.82, 0.830155, -0.298309, 0.0480683, 1, 0.0487927 
311, 3.11001e-10, 1e-12, 372.815, 0.828991, -0.299184, 0.0477655, 1, 0.0485051 
312, 3.12001e-10, 1e-12, 372.811, 0.827838, -0.300051, 0.047459, 1, 0.0482085 
313, 3.13001e-10, 1e-12, 372.806, 0.826696, -0.300908, 0.0471492, 1, 0.0479025 
314, 3.14001e-10, 1e-12, 372.801, 0.825565, -0.301757, 0.0468361, 1, 0.0475876 
315, 3.15001e-10, 1e-12, 372.797, 0.824447, -0.302598, 0.0465201, 1, 0.0472638 
316, 3.16001e-10, 1e-12, 372.792, 0.82334, -0.303431, 0.0462012, 1, 0.0469315 
317, 3.17001e-10, 1e-12, 372.787, 0.822244, -0.304255, 0.0458797, 1, 0.0465911 
318, 3.18001e-10, 1e-12, 372.783, 0.821161, -0.305071, 0.0455558, 1, 0.0462429 
319, 3.19001e-10, 1e-12, 372.779, 0.82009, -0.30588, 0.0452297, 1, 0.0458863 
320, 3.20001e-10, 1e-12, 372.775, 0.819031, -0.306681, 0.0449016, 1, 0.0455224 
321, 3.21001e-10, 1e-12, 372.77, 0.817986, -0.307474, 0.0445717, 1, 0.0451519 
322, 3.22001e-10, 1e-12, 372.766, 0.816952, -0.308261, 0.0442403, 1, 0.0447734 
323, 3.23001e-10, 1e-12, 372.762, 0.815932, -0.30904, 0.0439075, 1, 0.0443887 
324, 3.24001e-10, 1e-12, 372.758, 0.814924, -0.309812, 0.0435735, 1, 0.0439973 
325, 3.25001e-10, 1e-12, 372.754, 0.81393, -0.310578, 0.0432386, 1, 0.0435995 
326, 3.26001e-10, 1e-12, 372.751, 0.812949, -0.311338, 0.0429029, 1, 0.0431958 
327, 3.27001e-10, 1e-12, 372.747, 0.811982, -0.312091, 0.0425667, 1, 0.0427866 
328, 3.28001e-10, 1e-12, 372.743, 0.811027, -0.312838, 0.0422301, 1, 0.0423718 
329, 3.29001e-10, 1e-12, 372.74, 0.810086, -0.313579, 0.0418933, 1, 0.041952 
330, 3.30001e-10, 1e-12, 372.736, 0.809159, -0.314315, 0.0415567, 1, 0.0415272 
331, 3.31001e-10, 1e-12, 372.733, 0.808245, -0.315045, 0.0412203, 1, 0.0410974 
332, 3.32001e-10, 1e-12, 372.729, 0.807345, -0.31577, 0.0408843, 1, 0.0406642 
333, 3.33001e-10, 1e-12, 372.726, 0.806459, -0.31649, 0.040549, 1, 0.0402263 
334, 3.34001e-10, 1e-12, 372.723, 0.805587, -0.317205, 0.0402146, 1, 0.0397849 
335, 3.35001e-10, 1e-12, 372.72, 0.804728, -0.317916, 0.0398812, 1, 0.0393402 
336, 3.36001e-10, 1e-12, 372.717, 0.803884, -0.318623, 0.039549, 1, 0.0388919 
337, 3.37001e-10, 1e-12, 372.714, 0.803053, -0.319325, 0.0392183, 1, 0.0384409 
338, 3.38001e-10, 1e-12, 372.711, 0.802236, -0.320023, 0.0388891, 1, 0.0379873 
339, 3.39001e-10, 1e-12, 372.708, 0.801432, -0.320718, 0.0385618, 1, 0.0375314 
340, 3.40001e-10, 1e-12, 372.705, 0.800643, -0.321409, 0.0382364, 1, 0.0370732 
341, 3.41001e-10, 1e-12, 372.702, 0.799867, -0.322097, 0.0379133, 1, 0.0366132 
342, 3.42001e-10, 1e-12, 372.699, 0.799104, -0.322782, 0.0375925, 1, 0.0361519 
343, 3.43001e-10, 1e-12, 372.696, 0.798356, -0.323464, 0.0372741, 1, 0.0356895 
344, 3.44001e-10, 1e-12, 372.694, 0.797621, -0.324144, 0.0369585, 1, 0.0352257 
345, 3.45001e-10, 1e-12, 372.691, 0.7969, -0.324821, 0.0366457, 1, 0.0347615 
346, 3.46001e-10, 1e-12, 372.689, 0.796192, -0.325496, 0.0363359, 1, 0.0342967 
347, 3.47001e-10, 1e-12, 372.686, 0.795498, -0.326169, 0.0360293, 1, 0.0338315 
348, 3.48001e-10, 1e-12, 372.684, 0.794817, -0.326841, 0.0357261, 1, 0.0333668 
349, 3.49001e-10, 1e-12, 372.682, 0.794149, -0.327511, 0.0354263, 1, 0.0329022 
350, 3.50001e-10, 1e-12, 372.679, 0.793494, -0.32818, 0.0351302, 1, 0.0324382 
351, 3.51001e-10, 1e-12, 372.677, 0.792853, -0.328847, 0.0348379, 1, 0.031975 
352, 3.52001e-10, 1e-12, 372.675, 0.792224, -0.329514, 0.0345496, 1, 0.031513 
353, 3.53001e-10, 1e-12, 372.672, 0.791609, -0.33018, 0.0342653, 1, 0.0310523 
354, 3.54001e-10, 1e-12, 372.67, 0.791005, -0.330846, 0.0339853, 1, 0.030593 
355, 3.55001e-10, 1e-12, 372.668, 0.790415, -0.331512, 0.0337096, 1, 0.0301357 
356, 3.56001e-10, 1e-12, 372.666, 0.789837, -0.332177, 0.0334385, 1, 0.0296804 
357, 3.57001e-10, 1e-12, 372.664, 0.789271, -0.332843, 0.0331719, 1, 0.0292273 
358, 3.58001e-10, 1e-12, 372.662, 0.788718, -0.333509, 0.0329101, 1, 0.0287767 
359, 3.59001e-10, 1e-12, 372.66, 0.788177, -0.334176, 0.0326533, 1, 0.0283287 
360, 3.60001e-10, 1e-12, 372.658, 0.787647, -0.334843, 0.0324014, 1, 0.0278837 
361, 3.61001e-10, 1e-12, 372.656, 0.787128, -0.335512, 0.0321546, 1, 0.027442 
362, 3.62001e-10, 1e-12, 372.654, 0.786622, -0.336182, 0.0319131, 1, 0.0270034 
363, 3.63001e-10, 1e-12, 372.652, 0.786127, -0.336853, 0.0316768, 1, 0.0265684 
364, 3.64001e-10, 1e-12, 372.651, 0.785643, -0.337526, 0.0314461, 1, 0.0261371 
365, 3.65001e-10, 1e-12, 372.649, 0.78517, -0.3382, 0.0312208, 1, 0.0257097 
366, 3.66001e-10, 1e-12, 372.647, 0.784708, -0.338876, 0.0310012, 1, 0.0252865 
367, 3.67001e-10, 1e-12, 372.645, 0.784257, -0.339555, 0.0307873, 1, 0.0248676 
368, 3.68001e-10, 1e-12, 372.644, 0.783816, -0.340236, 0.0305793, 1, 0.024453 
369, 3.69001e-10, 1e-12, 372.642, 0.783385, -0.340919, 0.0303772, 1, 0.0240433 
370, 3.70001e-10, 1e-12, 372.64, 0.782964, -0.341605, 0.0301811, 1, 0.0236384 
371, 3.71001e-10, 1e-12, 372.639, 0.782554, -0.342293, 0.029991, 1, 0.0232384 
372, 3.72001e-10, 1e-12, 372.637, 0.782152, -0.342985, 0.0298071, 1, 0.0228435 
373, 3.73001e-10, 1e-12, 372.635, 0.781761, -0.34368, 0.0296294, 1, 0.022454 
374, 3.74001e-10, 1e-12, 372.634, 0.781378, -0.344379, 0.029458, 1, 0.0220698 
375, 3.75001e-10, 1e-12, 372.632, 0.781004, -0.34508, 0.029293, 1, 0.0216912 
376, 3.76001e-10, 1e-12, 372.63, 0.78064, -0.345786, 0.0291345, 1, 0.0213184 
377, 3.77001e-10, 1e-12, 372.629, 0.780283, -0.346495, 0.0289824, 1, 0.0209514 
378, 3.78001e-10, 1e-12, 372.627, 0.779935, -0.347208, 0.0288369, 1, 0.0205905 
379, 3.79001e-10, 1e-12, 372.626, 0.779596, -0.347926, 0.028698, 1, 0.0202357 
380, 3.80001e-10, 1e-12, 372.624, 0.779264, -0.348648, 0.0285657, 1, 0.0198871 
381, 3.81001e-10, 1e-12, 372.623, 0.77894, -0.349373, 0.0284401, 1, 0.0195447 
382, 3.82001e-10, 1e-12, 372.621, 0.778623, -0.350104, 0.0283213, 1, 0.0192088 
383, 3.83001e-10, 1e-12, 372.62, 0.778314, -0.35084, 0.0282093, 1, 0.0188794 
384, 3.84001e-10, 1e-12, 372.618, 0.778011, -0.35158, 0.0281041, 1, 0.0185567 
385, 3.85001e-10, 1e-12, 372.617, 0.777715, -0.352325, 0.0280058, 1, 0.0182406 
386, 3.86001e-10, 1e-12, 372.615, 0.777426, -0.353076, 0.0279145, 1, 0.0179313 
387, 3.87001e-10, 1e-12, 372.614, 0.777143, -0.353831, 0.02783, 1, 0.0176288 
388, 3.88001e-10, 1e-12, 372.612, 0.776866, -0.354592, 0.0277525, 1, 0.0173333 
389, 3.89001e-10, 1e-12, 372.61, 0.776594, -0.355359, 0.027682, 1, 0.0170447 
390, 3.90001e-10, 1e-12, 372.609, 0.776329, -0.356131, 0.0276185, 1, 0.016763 
391, 3.91001e-10, 1e-12, 372.608, 0.776068, -0.356909, 0.0275621, 1, 0.0164884 
392, 3.92001e-10, 1e-12, 372.606, 0.775813, -0.357693, 0.0275127, 1, 0.0163069 
393, 3.93001e-10, 1e-12, 372.604, 0.775562, -0.358483, 0.0274703, 1, 0.0163964 
394, 3.94001e-10, 1e-12, 372.603, 0.775315, -0.35928, 0.0274351, 1, 0.016486 
395, 3.95001e-10, 1e-12, 372.601, 0.775074, -0.360082, 0.0274069, 1, 0.0165762 
396, 3.96001e-10, 1e-12, 372.6, 0.774836, -0.360891, 0.0273858, 1, 0.0166661 
397, 3.97001e-10, 1e-12, 372.598, 0.774602, -0.361706, 0.0273718, 1, 0.0167564 
398, 3.98001e-10, 1e-12, 372.597, 0.774371, -0.362528, 0.027365, 1, 0.0168469 
399, 3.99001e-10, 1e-12, 372.595, 0.774144, -0.363357, 0.0273652, 1, 0.0169374 
400, 4.00001e-10, 1e-12, 372.593, 0.77392, -0.364192, 0.0273725, 1, 0.0170277 
401, 4.01001e-10, 1e-12, 372.592, 0.773699, -0.365034, 0.027387, 1, 0.0171185 
402, 4.02001e-10, 1e-12, 372.59, 0.77348, -0.365884, 0.0274085, 1, 0.0172095 
403, 4.03001e-10, 1e-12, 372.589, 0.773264, -0.36674, 0.0274371, 1, 0.0173005 
404, 4.04001e-10, 1e-12, 372.587, 0.773049, -0.367604, 0.0274728, 1, 0.0173915 
405, 4.05002e-10, 1e-12, 372.585, 0.772836, -0.368475, 0.0275155, 1, 0.0174826 
406, 4.06002e-10, 1e-12, 372.583, 0.772625, -0.369353, 0.0275653, 1, 0.0175738 
407, 4.07002e-10, 1e-12, 372.582, 0.772416, -0.370239, 0.0276221, 1, 0.0176652 
408, 4.08002e-10, 1e-12, 372.58, 0.772207, -0.371132, 0.0276859, 1, 0.0177566 
409, 4.09002e-10, 1e-12, 372.578, 0.771999, -0.372033, 0.0277567, 1, 0.0178481 
410, 4.10002e-10, 1e-12, 372.576, 0.771791, -0.372942, 0.0278345, 1, 0.0179395 
411, 4.11002e-10, 1e-12, 372.575, 0.771583, -0.373859, 0.0279192, 1, 0.018031 
412, 4.12002e-10, 1e-12, 372.573, 0.771376, -0.374784, 0.0280109, 1, 0.0181227 
413, 4.13002e-10, 1e-12, 372.571, 0.771169, -0.375716, 0.0281094, 1, 0.0182143 
414, 4.14002e-10, 1e-12, 372.569, 0.770961, -0.376657, 0.0282148, 1, 0.0183058 
415, 4.15002e-10, 1e-12, 372.567, 0.770753, -0.377606, 0.0283269, 1, 0.0183974 
416, 4.16002e-10, 1e-12, 372.565, 0.770543, -0.378563, 0.0284459, 1, 0.0184891 
417, 4.17002e-10, 1e-12, 372.563, 0.770332, -0.379528, 0.0285717, 1, 0.0185807 
418, 4.18002e-10, 1e-12, 372.561, 0.77012, -0.380502, 0.0287041, 1, 0.0186723 
419, 4.19002e-10, 1e-12, 372.559, 0.769906, -0.381484, 0.0288433, 1, 0.0187639 
420, 4.20002e-10, 1e-12, 372.557, 0.76969, -0.382474, 0.028989, 1, 0.0188555 
421, 4.21002e-10, 1e-12, 372.555, 0.769471, -0.383474, 0.0291414, 1, 0.0189471 
422, 4.22002e-10, 1e-12, 372.553, 0.769251, -0.384481, 0.0293003, 1, 0.0190386 
423, 4.23002e-10, 1e-12, 372.551, 0.769027, -0.385498, 0.0294658, 1, 0.0191296 
424, 4.24002e-10, 1e-12, 372.549, 0.768801, -0.386523, 0.0296377, 1, 0.019221 
425, 4.25002e-10, 1e-12, 372.547, 0.768571, -0.387557, 0.029816, 1, 0.0193121 
426, 4.26002e-10, 1e-12, 372.545, 0.768338, -0.3886, 0.0300006, 1, 0.0194032 
427, 4.27002e-10, 1e-12, 372.543, 0.768101, -0.389652, 0.0301916, 1, 0.0194937 
428, 4.28002e-10, 1e-12, 372.54, 0.767861, -0.390712, 0.0303888, 1, 0.0195846 
429, 4.29002e-10, 1e-12, 372.538, 0.767616, -0.391782, 0.0305923, 1, 0.0196752 
430, 4.30002e-10, 1e-12, 372.536, 0.767366, -0.392861, 0.0308019, 1, 0.0197656 
431, 4.31002e-10, 1e-12, 372.533, 0.767113, -0.393949, 0.0310176, 1, 0.0198557 
432, 4.32002e-10, 1e-12, 372.531, 0.766854, -0.395046, 0.0312393, 1, 0.0199457 
433, 4.33002e-10, 1e-12, 372.529, 0.76659, -0.396152, 0.0314671, 1, 0.0200352 
434, 4.34002e-10, 1e-12, 372.526, 0.766321, -0.397267, 0.0317007, 1, 0.0201249 
435, 4.35002e-10, 1e-12, 372.524, 0.766046, -0.398391, 0.0319402, 1, 0.020214 
436, 4.36002e-10, 1e-12, 372.521, 0.765765, -0.399525, 0.0321855, 1, 0.0203027 
437, 4.37002e-10, 1e-12, 372.519, 0.765478, -0.400669, 0.0324365, 1, 0.0203915 
438, 4.38002e-10, 1e-12, 372.516, 0.765185, -0.401821, 0.0326932, 1, 0.0204797 
439, 4.39002e-10, 1e-12, 372.514, 0.764886, -0.402983, 0.0329555, 1, 0.0205676 
440, 4.40002e-10, 1e-12, 372.511, 0.76458, -0.404154, 0.0332233, 1, 0.0206551 
441, 4.41002e-10, 1e-12, 372.508, 0.764267, -0.405335, 0.0334966, 1, 0.0207423 
442, 4.42002e-10, 1e-12, 372.506, 0.763946, -0.406525, 0.0337752, 1, 0.0208291 
443, 4.43002e-10, 1e-12, 372.502, 0.763619, -0.407725, 0.0340592, 1, 0.0209155 
444, 4.44002e-10, 1e-12, 372.5, 0.763283, -0.408934, 0.0343485, 1, 0.0210015 
445, 4.45002e-10, 1e-12, 372.497, 0.76294, -0.410152, 0.034643, 1, 0.0210872 
446, 4.46002e-10, 1e-12, 372.494, 0.762589, -0.411381, 0.0349425, 1, 0.0211718 
447, 4.47002e-10, 1e-12, 372.491, 0.762229, -0.412618, 0.0352471, 1, 0.0212562 
448, 4.48002e-10, 1e-12, 372.488, 0.761861, -0.413865, 0.0355567, 1, 0.0213399 
449, 4.49002e-10, 1e-12, 372.485, 0.761484, -0.415122, 0.0358711, 1, 0.0214232 
450, 4.50002e-10, 1e-12, 372.482, 0.761099, -0.416388, 0.0361904, 1, 0.0215373 
451, 4.51002e-10, 1e-12, 372.479, 0.760704, -0.417664, 0.0365143, 1, 0.021669 
452, 4.52002e-10, 1e-12, 372.476, 0.760299, -0.418949, 0.0368429, 1, 0.0218151 
453, 4.53002e-10, 1e-12, 372.473, 0.759885, -0.420245, 0.0371761, 1, 0.0219607 
454, 4.54002e-10, 1e-12, 372.47, 0.759462, -0.421549, 0.0375138, 1, 0.0221053 
455, 4.55002e-10, 1e-12, 372.466, 0.759028, -0.422863, 0.0378559, 1, 0.0222493 
456, 4.56002e-10, 1e-12, 372.463, 0.758585, -0.424186, 0.0382023, 1, 0.0223923 
457, 4.57002e-10, 1e-12, 372.46, 0.75813, -0.425519, 0.038553, 1, 0.0225345 
458, 4.58002e-10, 1e-12, 372.456, 0.757666, -0.426862, 0.0389078, 1, 0.0226757 
459, 4.59002e-10, 1e-12, 372.453, 0.757191, -0.428214, 0.0392667, 1, 0.0228188 
460, 4.60002e-10, 1e-12, 372.449, 0.756704, -0.429575, 0.0396295, 1, 0.0229775 
461, 4.61002e-10, 1e-12, 372.446, 0.756207, -0.430946, 0.0399963, 1, 0.0231349 
462, 4.62002e-10, 1e-12, 372.442, 0.755698, -0.432327, 0.0403669, 1, 0.0232913 
463, 4.63002e-10, 1e-12, 372.439, 0.755178, -0.433716, 0.0407413, 1, 0.0234467 
464, 4.64002e-10, 1e-12, 372.435, 0.754646, -0.435116, 0.0411193, 1, 0.0236008 
465, 4.65002e-10, 1e-12, 372.431, 0.754102, -0.436524, 0.0415008, 1, 0.0237534 
466, 4.66002e-10, 1e-12, 372.427, 0.753546, -0.437942, 0.0418859, 1, 0.0239047 
467, 4.67002e-10, 1e-12, 372.423, 0.752978, -0.439369, 0.0422743, 1, 0.0240548 
468, 4.68002e-10, 1e-12, 372.42, 0.752398, -0.440805, 0.042666, 1, 0.0242134 
469, 4.69002e-10, 1e-12, 372.416, 0.751804, -0.442251, 0.0430609, 1, 0.02438 
470, 4.70002e-10, 1e-12, 372.412, 0.751199, -0.443705, 0.0434589, 1, 0.0245456 
471, 4.71002e-10, 1e-12, 372.408, 0.75058, -0.445169, 0.0438599, 1, 0.0247095 
472, 4.72002e-10, 1e-12, 372.404, 0.749949, -0.446642, 0.0442639, 1, 0.0248719 
473, 4.73002e-10, 1e-12, 372.399, 0.749304, -0.448123, 0.0446707, 1, 0.0250327 
474, 4.74002e-10, 1e-12, 372.395, 0.748645, -0.449614, 0.0450803, 1, 0.0251915 
475, 4.75002e-10, 1e-12, 372.391, 0.747974, -0.451114, 0.0454925, 1, 0.0253487 
476, 4.76002e-10, 1e-12, 372.387, 0.747288, -0.452623, 0.0459073, 1, 0.0255039 
477, 4.77002e-10, 1e-12, 372.383, 0.746589, -0.45414, 0.0463246, 1, 0.0256573 
478, 4.78002e-10, 1e-12, 372.378, 0.745876, -0.455665, 0.0467443, 1, 0.0258274 
479, 4.79002e-10, 1e-12, 372.374, 0.745149, -0.4572, 0.0471662, 1, 0.0259971 
480, 4.80002e-10, 1e-12, 372.369, 0.744407, -0.458743, 0.0475904, 1, 0.0261647 
481, 4.81002e-10, 1e-12, 372.365, 0.743651, -0.460295, 0.0480167, 1, 0.0263306 
482, 4.82001e-10, 1e-12, 372.36, 0.742881, -0.461855, 0.0484449, 1, 0.0265115 
483, 4.83001e-10, 1e-12, 372.355, 0.742095, -0.463423, 0.0488752, 1, 0.0267579 
484, 4.84001e-10, 1e-12, 372.351, 0.741296, -0.465, 0.0493072, 1, 0.027004 
485, 4.85001e-10, 1e-12, 372.346, 0.740481, -0.466585, 0.0497411, 1, 0.0272494 
486, 4.86001e-10, 1e-12, 372.341, 0.739651, -0.468178, 0.0501765, 1, 0.0274945 
487, 4.87001e-10, 1e-12, 372.336, 0.738806, -0.469779, 0.0506135, 1, 0.0277384 
488, 4.88001e-10, 1e-12, 372.331, 0.737946, -0.471389, 0.051052, 1, 0.0279817 
489, 4.89001e-10, 1e-12, 372.326, 0.737071, -0.473005, 0.0514919, 1, 0.0282241 
490, 4.90001e-10, 1e-12, 372.321, 0.73618, -0.47463, 0.051933, 1, 0.0284654 
491, 4.91001e-10, 1e-12, 372.316, 0.735274, -0.476263, 0.0523754, 1, 0.0287059 
492, 4.92001e-10, 1e-12, 372.311, 0.734352, -0.477903, 0.0528189, 1, 0.0289451 
493, 4.93001e-10, 1e-12, 372.306, 0.733414, -0.47955, 0.0532634, 1, 0.0291833 
494, 4.94001e-10, 1e-12, 372.301, 0.732461, -0.481205, 0.0537089, 1, 0.02942 
495, 4.95001e-10, 1e-12, 372.295, 0.731491, -0.482867, 0.0541552, 1, 0.0296552 
496, 4.96001e-10, 1e-12, 372.29, 0.730506, -0.484536, 0.0546022, 1, 0.0298893 
497, 4.97001e-10, 1e-12, 372.285, 0.729504, -0.486213, 0.0550499, 1, 0.0301219 
498, 4.98001e-10, 1e-12, 372.279, 0.728486, -0.487896, 0.0554982, 1, 0.0303528 
499, 4.99001e-10, 1e-12, 372.274, 0.727452, -0.489587, 0.0559471, 1, 0.030582 
500, 5.00001e-10, 1e-12, 372.268, 0.726402, -0.491283, 0.0563963, 1, 0.0308093 
501, 5.01001e-10, 1e-12, 372.262, 0.725336, -0.492987, 0.0568459, 1, 0.0310349 
502, 5.02001e-10, 1e-12, 372.257, 0.724252, -0.494697, 0.0572957, 1, 0.0312585 
503, 5.03001e-10, 1e-12, 372.251, 0.723153, -0.496414, 0.0577457, 1, 0.0314803 
504, 5.04001e-10, 1e-12, 372.245, 0.722037, -0.498136, 0.0581958, 1, 0.0316996 
505, 5.05001e-10, 1e-12, 372.239, 0.720904, -0.499866, 0.058646, 1, 0.0319169 
506, 5.06001e-10, 1e-12, 372.233, 0.719754, -0.501601, 0.059096, 1, 0.0321321 
507, 5.07001e-10, 1e-12, 372.228, 0.718589, -0.503342, 0.0595459, 1, 0.0323447 
508, 5.08001e-10, 1e-12, 372.221, 0.717406, -0.505089, 0.0599955, 1, 0.032555 
509, 5.09001e-10, 1e-12, 372.215, 0.716206, -0.506841, 0.0604449, 1, 0.0327626 
510, 5.10001e-10, 1e-12, 372.209, 0.714989, -0.5086, 0.0608939, 1, 0.0329676 
511, 5.11001e-10, 1e-12, 372.203, 0.713756, -0.510364, 0.0613424, 1, 0.0331699 
512, 5.12001e-10, 1e-12, 372.197, 0.712505, -0.512132, 0.0617904, 1, 0.0333693 
513, 5.13001e-10, 1e-12, 372.19, 0.711238, -0.513907, 0.0622378, 1, 0.0335656 
514, 5.14001e-10, 1e-12, 372.184, 0.709954, -0.515686, 0.0626846, 1, 0.0337592 
515, 5.15001e-10, 1e-12, 372.177, 0.708653, -0.517469, 0.0631306, 1, 0.0339495 
516, 5.16001e-10, 1e-12, 372.171, 0.707335, -0.519258, 0.0635758, 1, 0.0341369 
517, 5.17001e-10, 1e-12, 372.164, 0.705999, -0.521052, 0.0640202, 1, 0.0343206 
518, 5.18001e-10, 1e-12, 372.158, 0.704647, -0.52285, 0.0644636, 1, 0.0345015 
519, 5.19001e-10, 1e-12, 372.151, 0.703278, -0.524652, 0.064906, 1, 0.0346786 
520, 5.20001e-10, 1e-12, 372.145, 0.701891, -0.526459, 0.0653472, 1, 0.0348523 
521, 5.21001e-10, 1e-12, 372.138, 0.700487, -0.52827, 0.0657874, 1, 0.0350223 
522, 5.22001e-10, 1e-12, 372.131, 0.699067, -0.530085, 0.0662265, 1, 0.0351886 
523, 5.23001e-10, 1e-12, 372.124, 0.697629, -0.531903, 0.0666642, 1, 0.0353514 
524, 5.24001e-10, 1e-12, 372.117, 0.696174, -0.533725, 0.0671006, 1, 0.0355099 
525, 5.25001e-10, 1e-12, 372.11, 0.694702, -0.535551, 0.0675356, 1, 0.0356646 
526, 5.26001e-10, 1e-12, 372.103, 0.693213, -0.537381, 0.0679693, 1, 0.0358154 
527, 5.27e-10, 1e-12, 372.096, 0.691707, -0.539213, 0.0684015, 1, 0.0359619 
528, 5.28e-10, 1e-12, 372.089, 0.690183, -0.541049, 0.0688321, 1, 0.0361041 
529, 5.29e-10, 1e-12, 372.081, 0.688643, -0.542888, 0.069261, 1, 0.0362424 
530, 5.3e-10, 1e-12, 372.074, 0.687085, -0.54473, 0.0696885, 1, 0.0363762 
531, 5.31e-10, 1e-12, 372.067, 0.685511, -0.546574, 0.0701141, 1, 0.0365054 
532, 5.32e-10, 1e-12, 372.059, 0.683919, -0.548422, 0.0705381, 1, 0.0366303 
533, 5.33e-10, 1e-12, 372.052, 0.68231, -0.550271, 0.0709601, 1, 0.0367507 
534, 5.34e-10, 1e-12, 372.044, 0.680684, -0.552122, 0.0713804, 1, 0.0368665 
535, 5.35e-10, 1e-12, 372.037, 0.679042, -0.553976, 0.0717987, 1, 0.0369776 
536, 5.36e-10, 1e-12, 372.029, 0.677382, -0.555832, 0.0722151, 1, 0.0370837 
537, 5.37e-10, 1e-12, 372.021, 0.675705, -0.55769, 0.0726295, 1, 0.0371853 
538, 5.38e-10, 1e-12, 372.014, 0.674011, -0.559549, 0.0730419, 1, 0.0372816 
539, 5.39e-10, 1e-12, 372.006, 0.6723, -0.56141, 0.0734521, 1, 0.0373734 
540, 5.4e-10, 1e-12, 371.998, 0.670572, -0.563273, 0.0738601, 1, 0.0374597 
541, 5.41e-10, 1e-12, 371.99, 0.668827, -0.565137, 0.0742661, 1, 0.0375416 
542, 5.42e-10, 1e-12, 371.982, 0.667065, -0.567001, 0.0746698, 1, 0.0376182 
543, 5.43e-10, 1e-12, 371.974, 0.665286, -0.568867, 0.0750711, 1, 0.0376894 
544, 5.44e-10, 1e-12, 371.966, 0.663491, -0.570734, 0.0754701, 1, 0.0377557 
545, 5.45e-10, 1e-12, 371.958, 0.661679, -0.572601, 0.0758668, 1, 0.0378169 
546, 5.46e-10, 1e-12, 371.949, 0.659849, -0.574469, 0.076261, 1, 0.0378723 
547, 5.47e-10, 1e-12, 371.941, 0.658002, -0.576337, 0.0766528, 1, 0.0379229 
548, 5.48e-10, 1e-12, 371.933, 0.65614, -0.578206, 0.0770421, 1, 0.0379677 
549, 5.49e-10, 1e-12, 371.924, 0.65426, -0.580074, 0.0774288, 1, 0.0380079 
550, 5.5e-10, 1e-12, 371.916, 0.652363, -0.581943, 0.0778128, 1, 0.038042 
551, 5.51e-10, 1e-12, 371.907, 0.650449, -0.58381, 0.0781942, 1, 0.0380713 
552, 5.52e-10, 1e-12, 371.899, 0.648519, -0.585677, 0.0785729, 1, 0.0380944 
553, 5.53e-10, 1e-12, 371.89, 0.646572, -0.587545, 0.0789488, 1, 0.0381126 
554, 5.54e-10, 1e-12, 371.881, 0.644608, -0.589411, 0.0793218, 1, 0.0381256 
555, 5.55e-10, 1e-12, 371.872, 0.642628, -0.591276, 0.079692, 1, 0.0381327 
556, 5.56e-10, 1e-12, 371.863, 0.640631, -0.593141, 0.0800593, 1, 0.0381344 
557, 5.57e-10, 1e-12, 371.854, 0.638617, -0.595003, 0.0804235, 1, 0.0381307 
558, 5.58e-10, 1e-12, 371.846, 0.636586, -0.596864, 0.0807847, 1, 0.0381216 
559, 5.59e-10, 1e-12, 371.836, 0.634539, -0.598724, 0.0811428, 1, 0.0381067 
560, 5.6e-10, 1e-12, 371.827, 0.632475, -0.600581, 0.0814977, 1, 0.0380864 
561, 5.61e-10, 1e-12, 371.818, 0.630395, -0.602438, 0.0818493, 1, 0.038061 
562, 5.62e-10, 1e-12, 371.809, 0.628299, -0.604292, 0.0821977, 1, 0.0380297 
563, 5.63e-10, 1e-12, 371.8, 0.626185, -0.606143, 0.0825427, 1, 0.0379931 
564, 5.64e-10, 1e-12, 371.79, 0.624055, -0.607991, 0.0828843, 1, 0.0379512 
565, 5.65e-10, 1e-12, 371.781, 0.621909, -0.609837, 0.0832223, 1, 0.0379037 
566, 5.66e-10, 1e-12, 371.771, 0.619746, -0.61168, 0.0835567, 1, 0.037851 
567, 5.67e-10, 1e-12, 371.762, 0.617567, -0.613521, 0.0838874, 1, 0.0378076 
568, 5.68e-10, 1e-12, 371.752, 0.615371, -0.615357, 0.0842145, 1, 0.0382237 
569, 5.69e-10, 1e-12, 371.742, 0.613159, -0.61719, 0.0845376, 1, 0.0386409 
570, 5.7e-10, 1e-12, 371.732, 0.610931, -0.619019, 0.0848568, 1, 0.0390597 
571, 5.71e-10, 1e-12, 371.723, 0.608686, -0.620844, 0.085172, 1, 0.0394797 
572, 5.72e-10, 1e-12, 371.713, 0.606425, -0.622665, 0.0854831, 1, 0.0399007 
573, 5.72999e-10, 1e-12, 371.703, 0.604147, -0.624482, 0.0857901, 1, 0.0403225 
574, 5.73999e-10, 1e-12, 371.693, 0.601855, -0.626294, 0.0860926, 1, 0.0407449 
575, 5.74999e-10, 1e-12, 371.683, 0.599545, -0.628101, 0.0863909, 1, 0.0411679 
576, 5.75999e-10, 1e-12, 371.672, 0.597219, -0.629903, 0.0866845, 1, 0.041591 
577, 5.76999e-10, 1e-12, 371.662, 0.594877, -0.6317, 0.0869736, 1, 0.0420145 
578, 5.77999e-10, 1e-12, 371.652, 0.59252, -0.633491, 0.0872579, 1, 0.0424379 
579, 5.78999e-10, 1e-12, 371.641, 0.590147, -0.635277, 0.0875374, 1, 0.0428612 
580, 5.79999e-10, 1e-12, 371.631, 0.587758, -0.637056, 0.087812, 1, 0.0432842 
581, 5.80999e-10, 1e-12, 371.62, 0.585353, -0.63883, 0.0880814, 1, 0.043706 
582, 5.81999e-10, 1e-12, 371.61, 0.582932, -0.640597, 0.0883456, 1, 0.0441275 
583, 5.82999e-10, 1e-12, 371.599, 0.580496, -0.642356, 0.0886045, 1, 0.0445476 
584, 5.83999e-10, 1e-12, 371.589, 0.578044, -0.644109, 0.0888579, 1, 0.0449664 
585, 5.84999e-10, 1e-12, 371.578, 0.575578, -0.645855, 0.0891058, 1, 0.0453836 
586, 5.85999e-10, 1e-12, 371.567, 0.573095, -0.647592, 0.0893478, 1, 0.0457992 
587, 5.86999e-10, 1e-12, 371.556, 0.570598, -0.649323, 0.0895839, 1, 0.0462125 
588, 5.87999e-10, 1e-12, 371.545, 0.568085, -0.651045, 0.0898141, 1, 0.0466238 
589, 5.88999e-10, 1e-12, 371.534, 0.565558, -0.652758, 0.0900381, 1, 0.0470324 
590, 5.89999e-10, 1e-12, 371.523, 0.563015, -0.654463, 0.0902557, 1, 0.0474383 
591, 5.90999e-10, 1e-12, 371.512, 0.560459, -0.65616, 0.0904668, 1, 0.0478412 
592, 5.91999e-10, 1e-12, 371.501, 0.557888, -0.657847, 0.0906714, 1, 0.0482406 
593, 5.92999e-10, 1e-12, 371.489, 0.555302, -0.659524, 0.0908691, 1, 0.0486368 
594, 5.93999e-10, 1e-12, 371.478, 0.552702, -0.661192, 0.0910599, 1, 0.0490285 
595, 5.94999e-10, 1e-12, 371.467, 0.550089, -0.66285, 0.0912437, 1, 0.0494165 
596, 5.95999e-10, 1e-12, 371.455, 0.547461, -0.664497, 0.09142, 1, 0.0497999 
597, 5.96999e-10, 1e-12, 371.444, 0.54482, -0.666133, 0.091589, 1, 0.0501785 
598, 5.97999e-10, 1e-12, 371.432, 0.542166, -0.667759, 0.0917504, 1, 0.050552 
599, 5.98999e-10, 1e-12, 371.421, 0.539499, -0.669374, 0.091904, 1, 0.0509207 
600, 5.99999e-10, 1e-12, 371.409, 0.536819, -0.670977, 0.0920496, 1, 0.0512833 
601, 6.00999e-10, 1e-12, 371.397, 0.534126, -0.672568, 0.0921871, 1, 0.0516403 
602, 6.01999e-10, 1e-12, 371.386, 0.531421, -0.674148, 0.0923165, 1, 0.0519906 
603, 6.02999e-10, 1e-12, 371.374, 0.528704, -0.675715, 0.0924372, 1, 0.0523348 
604, 6.03999e-10, 1e-12, 371.362, 0.525975, -0.677269, 0.0925495, 1, 0.0526723 
605, 6.04999e-10, 1e-12, 371.35, 0.523234, -0.678811, 0.0926529, 1, 0.0530022 
606, 6.05999e-10, 1e-12, 371.339, 0.520482, -0.680339, 0.0927473, 1, 0.0533248 
607, 6.06999e-10, 1e-12, 371.327, 0.51772, -0.681854, 0.0928327, 1, 0.0536404 
608, 6.07999e-10, 1e-12, 371.315, 0.514947, -0.683354, 0.0929087, 1, 0.0539478 
609, 6.08999e-10, 1e-12, 371.303, 0.512164, -0.684841, 0.0929754, 1, 0.0542466 
610, 6.09999e-10, 1e-12, 371.291, 0.509371, -0.686313, 0.0930324, 1, 0.0545364 
611, 6.10999e-10, 1e-12, 371.279, 0.506568, -0.687772, 0.0930796, 1, 0.054818 
612, 6.11999e-10, 1e-12, 371.267, 0.503756, -0.689215, 0.0931168, 1, 0.0550904 
613, 6.12999e-10, 1e-12, 371.255, 0.500936, -0.690643, 0.093144, 1, 0.055353 
614, 6.13999e-10, 1e-12, 371.243, 0.498107, -0.692055, 0.093161, 1, 0.0556064 
615, 6.14999e-10, 1e-12, 371.231, 0.49527, -0.693452, 0.0931675, 1, 0.0558496 
616, 6.15999e-10, 1e-12, 371.219, 0.492427, -0.694833, 0.0931636, 1, 0.0560822 
617, 6.16999e-10, 1e-12, 371.207, 0.489576, -0.696198, 0.0931489, 1, 0.0563044 
618, 6.17998e-10, 1e-12, 371.195, 0.486718, -0.697546, 0.0931234, 1, 0.056516 
619, 6.18998e-10, 1e-12, 371.183, 0.483855, -0.698878, 0.093087, 1, 0.056717 
620, 6.19998e-10, 1e-12, 371.171, 0.480986, -0.700193, 0.0930396, 1, 0.0569062 
621, 6.20998e-10, 1e-12, 371.159, 0.478111, -0.701491, 0.0929808, 1, 0.0570839 
622, 6.21998e-10, 1e-12, 371.147, 0.475233, -0.702771, 0.0929109, 1, 0.05725 
623, 6.22998e-10, 1e-12, 371.135, 0.47235, -0.704035, 0.0928295, 1, 0.0574048 
624, 6.23998e-10, 1e-12, 371.123, 0.469463, -0.70528, 0.0927366, 1, 0.0575469 
625, 6.24998e-10, 1e-12, 371.111, 0.466574, -0.706508, 0.092632, 1, 0.0576767 
626, 6.25998e-10, 1e-12, 371.099, 0.463682, -0.707717, 0.0925158, 1, 0.0577939 
627, 6.26998e-10, 1e-12, 371.087, 0.460788, -0.70891, 0.0923877, 1, 0.0578987 
628, 6.27998e-10, 1e-12, 371.075, 0.457893, -0.710083, 0.0922478, 1, 0.057991 
629, 6.28998e-10, 1e-12, 371.064, 0.454996, -0.711238, 0.0920959, 1, 0.0580703 
630, 6.29998e-10, 1e-12, 371.052, 0.4521, -0.712373, 0.091932, 1, 0.058136 
631, 6.30998e-10, 1e-12, 371.04, 0.449204, -0.713491, 0.0917561, 1, 0.0581891 
632, 6.31998e-10, 1e-12, 371.028, 0.446308, -0.71459, 0.091568, 1, 0.058229 
633, 6.32998e-10, 1e-12, 371.017, 0.443415, -0.71567, 0.0913679, 1, 0.0582548 
634, 6.33998e-10, 1e-12, 371.005, 0.440523, -0.716731, 0.0911555, 1, 0.0582675 
635, 6.34998e-10, 1e-12, 370.994, 0.437634, -0.717773, 0.090931, 1, 0.0582665 
636, 6.35998e-10, 1e-12, 370.982, 0.434748, -0.718794, 0.0906943, 1, 0.0582522 
637, 6.36998e-10, 1e-12, 370.971, 0.431866, -0.719798, 0.0904453, 1, 0.0582242 
638, 6.37998e-10, 1e-12, 370.96, 0.428988, -0.720782, 0.0901842, 1, 0.0581822 
639, 6.38998e-10, 1e-12, 370.948, 0.426116, -0.721747, 0.0899108, 1, 0.0581271 
640, 6.39998e-10, 1e-12, 370.937, 0.423249, -0.722692, 0.0896253, 1, 0.0580579 
641, 6.40998e-10, 1e-12, 370.926, 0.420388, -0.723618, 0.0893276, 1, 0.0579752 
642, 6.41998e-10, 1e-12, 370.915, 0.417534, -0.724524, 0.0890179, 1, 0.0578787 
643, 6.42998e-10, 1e-12, 370.904, 0.414688, -0.725412, 0.0886961, 1, 0.0577689 
644, 6.43998e-10, 1e-12, 370.893, 0.41185, -0.72628, 0.0883623, 1, 0.0576455 
645, 6.44998e-10, 1e-12, 370.883, 0.40902, -0.72713, 0.0880165, 1, 0.0575086 
646, 6.45998e-10, 1e-12, 370.872, 0.4062, -0.727959, 0.0876589, 1, 0.0573583 
647, 6.46998e-10, 1e-12, 370.862, 0.403389, -0.728771, 0.0872896, 1, 0.0571945 
648, 6.47998e-10, 1e-12, 370.851, 0.400589, -0.729562, 0.0869085, 1, 0.0570182 
649, 6.48998e-10, 1e-12, 370.841, 0.3978, -0.730334, 0.0865159, 1, 0.0568286 
650, 6.49998e-10, 1e-12, 370.83, 0.395023, -0.731088, 0.0861118, 1, 0.0566258 
651, 6.50998e-10, 1e-12, 370.82, 0.392258, -0.731823, 0.0856963, 1, 0.0564102 
652, 6.51998e-10, 1e-12, 370.81, 0.389505, -0.73254, 0.0852695, 1, 0.0561822 
653, 6.52998e-10, 1e-12, 370.8, 0.386766, -0.733238, 0.0848317, 1, 0.0559418 
654, 6.53998e-10, 1e-12, 370.791, 0.384041, -0.733917, 0.0843829, 1, 0.0556893 
655, 6.54998e-10, 1e-12, 370.781, 0.38133, -0.734579, 0.0839233, 1, 0.0554246 
656, 6.55998e-10, 1e-12, 370.771, 0.378634, -0.735222, 0.0834529, 1, 0.0551482 
657, 6.56998e-10, 1e-12, 370.762, 0.375953, -0.735848, 0.0829721, 1, 0.0548602 
658, 6.57998e-10, 1e-12, 370.753, 0.373289, -0.736456, 0.0824809, 1, 0.0545607 
659, 6.58998e-10, 1e-12, 370.744, 0.370641, -0.737046, 0.0819795, 1, 0.0542497 
660, 6.59998e-10, 1e-12, 370.734, 0.36801, -0.737618, 0.0814681, 1, 0.0539281 
661, 6.60998e-10, 1e-12, 370.726, 0.365396, -0.738175, 0.0809469, 1, 0.0535957 
662, 6.61998e-10, 1e-12, 370.717, 0.3628, -0.738714, 0.0804161, 1, 0.0532528 
663, 6.62997e-10, 1e-12, 370.708, 0.360223, -0.739236, 0.0798758, 1, 0.0528999 
664, 6.63997e-10, 1e-12, 370.699, 0.357664, -0.739742, 0.0793263, 1, 0.0525369 
665, 6.64997e-10, 1e-12, 370.691, 0.355125, -0.740231, 0.0787678, 1, 0.0521645 
666, 6.65997e-10, 1e-12, 370.683, 0.352606, -0.740705, 0.0782004, 1, 0.0517827 
667, 6.66997e-10, 1e-12, 370.674, 0.350106, -0.741164, 0.0776244, 1, 0.0513919 
668, 6.67997e-10, 1e-12, 370.666, 0.347627, -0.741606, 0.07704, 1, 0.0509922 
669, 6.68997e-10, 1e-12, 370.659, 0.345169, -0.742033, 0.0764474, 1, 0.0505841 
670, 6.69997e-10, 1e-12, 370.651, 0.342732, -0.742445, 0.0758469, 1, 0.0501683 
671, 6.70997e-10, 1e-12, 370.643, 0.340317, -0.742844, 0.0752386, 1, 0.049744 
672, 6.71997e-10, 1e-12, 370.636, 0.337924, -0.743227, 0.0746228, 1, 0.0493121 
673, 6.72997e-10, 1e-12, 370.628, 0.335553, -0.743597, 0.0739997, 1, 0.0488736 
674, 6.73997e-10, 1e-12, 370.621, 0.333205, -0.743952, 0.0733696, 1, 0.0484279 
675, 6.74997e-10, 1e-12, 370.614, 0.33088, -0.744294, 0.0727326, 1, 0.0479755 
676, 6.75997e-10, 1e-12, 370.607, 0.328577, -0.744623, 0.0720891, 1, 0.0475171 
677, 6.76997e-10, 1e-12, 370.6, 0.326299, -0.744938, 0.0714393, 1, 0.0470524 
678, 6.77997e-10, 1e-12, 370.593, 0.324044, -0.745241, 0.0707833, 1, 0.046582 
679, 6.78997e-10, 1e-12, 370.587, 0.321813, -0.745532, 0.0701215, 1, 0.0461065 
680, 6.79997e-10, 1e-12, 370.58, 0.319606, -0.74581, 0.0694541, 1, 0.0456258 
681, 6.80997e-10, 1e-12, 370.574, 0.317424, -0.746077, 0.0687813, 1, 0.0451408 
682, 6.81997e-10, 1e-12, 370.568, 0.315267, -0.746332, 0.0681033, 1, 0.0446512 
683, 6.82997e-10, 1e-12, 370.562, 0.313134, -0.746576, 0.0674205, 1, 0.0441678 
684, 6.83997e-10, 1e-12, 370.556, 0.311026, -0.74681, 0.066733, 1, 0.0438104 
685, 6.84997e-10, 1e-12, 370.55, 0.308944, -0.747032, 0.0660411, 1, 0.0434442 
686, 6.85997e-10, 1e-12, 370.544, 0.306887, -0.747244, 0.0653449, 1, 0.0430697 
687, 6.86997e-10, 1e-12, 370.539, 0.304856, -0.747446, 0.0646449, 1, 0.0426873 
688, 6.87997e-10, 1e-12, 370.534, 0.30285, -0.747638, 0.0639411, 1, 0.042297 
689, 6.88997e-10, 1e-12, 370.528, 0.30087, -0.747821, 0.0632338, 1, 0.0418997 
690, 6.89997e-10, 1e-12, 370.523, 0.298916, -0.747995, 0.0625233, 1, 0.041495 
691, 6.90997e-10, 1e-12, 370.518, 0.296987, -0.74816, 0.0618098, 1, 0.0410836 
692, 6.91997e-10, 1e-12, 370.513, 0.295085, -0.748316, 0.0610934, 1, 0.0406659 
693, 6.92997e-10, 1e-12, 370.508, 0.293209, -0.748464, 0.0603746, 1, 0.0402422 
694, 6.93997e-10, 1e-12, 370.504, 0.29136, -0.748603, 0.0596533, 1, 0.0398123 
695, 6.94997e-10, 1e-12, 370.499, 0.289536, -0.748736, 0.0589301, 1, 0.0393775 
696, 6.95997e-10, 1e-12, 370.494, 0.287739, -0.748861, 0.0582049, 1, 0.0389373 
697, 6.96997e-10, 1e-12, 370.49, 0.285968, -0.748978, 0.0574779, 1, 0.0384925 
698, 6.97997e-10, 1e-12, 370.486, 0.284223, -0.749089, 0.0567496, 1, 0.0380434 
699, 6.98997e-10, 1e-12, 370.482, 0.282505, -0.749192, 0.05602, 1, 0.0375901 
700, 6.99997e-10, 1e-12, 370.478, 0.280813, -0.74929, 0.0552894, 1, 0.0371334 
701, 7.00997e-10, 1e-12, 370.474, 0.279147, -0.749381, 0.0545579, 1, 0.0366731 
702, 7.01997e-10, 1e-12, 370.47, 0.277508, -0.749466, 0.0538258, 1, 0.0362099 
703, 7.02997e-10, 1e-12, 370.467, 0.275895, -0.749546, 0.0530933, 1, 0.0357442 
704, 7.03997e-10, 1e-12, 370.463, 0.274308, -0.74962, 0.0523605, 1, 0.0352762 
705, 7.04997e-10, 1e-12, 370.459, 0.272747, -0.749689, 0.0516277, 1, 0.0348064 
706, 7.05997e-10, 1e-12, 370.456, 0.271213, -0.749753, 0.0508951, 1, 0.0343349 
707, 7.06997e-10, 1e-12, 370.453, 0.269705, -0.749812, 0.0501627, 1, 0.0338624 
708, 7.07996e-10, 1e-12, 370.45, 0.268222, -0.749867, 0.049431, 1, 0.033389 
709, 7.08996e-10, 1e-12, 370.446, 0.266766, -0.749917, 0.0486999, 1, 0.0329152 
710, 7.09996e-10, 1e-12, 370.443, 0.265335, -0.749964, 0.0479697, 1, 0.0324411 
711, 7.10996e-10, 1e-12, 370.44, 0.26393, -0.750006, 0.0472405, 1, 0.0319673 
712, 7.11996e-10, 1e-12, 370.438, 0.262551, -0.750045, 0.0465126, 1, 0.0314941 
713, 7.12996e-10, 1e-12, 370.435, 0.261197, -0.75008, 0.045786, 1, 0.0310217 
714, 7.13996e-10, 1e-12, 370.432, 0.259869, -0.750112, 0.045061, 1, 0.0305504 
715, 7.14996e-10, 1e-12, 370.43, 0.258566, -0.750141, 0.0443377, 1, 0.0300808 
716, 7.15996e-10, 1e-12, 370.427, 0.257288, -0.750167, 0.0436164, 1, 0.029613 
717, 7.16996e-10, 1e-12, 370.425, 0.256035, -0.75019, 0.042897, 1, 0.0291477 
718, 7.17996e-10, 1e-12, 370.423, 0.254808, -0.750211, 0.0421797, 1, 0.0286844 
719, 7.18996e-10, 1e-12, 370.42, 0.253605, -0.750229, 0.0414649, 1, 0.0282241 
720, 7.19996e-10, 1e-12, 370.418, 0.252426, -0.750245, 0.0407524, 1, 0.0277669 
721, 7.20996e-10, 1e-12, 370.416, 0.251273, -0.750259, 0.0400426, 1, 0.0273132 
722, 7.21996e-10, 1e-12, 370.414, 0.250143, -0.75027, 0.0393355, 1, 0.0268629 
723, 7.22996e-10, 1e-12, 370.411, 0.249038, -0.75028, 0.0386312, 1, 0.0264168 
724, 7.23996e-10, 1e-12, 370.41, 0.247957, -0.750288, 0.03793, 1, 0.0259747 
725, 7.24996e-10, 1e-12, 370.408, 0.246899, -0.750295, 0.0372318, 1, 0.0255373 
726, 7.25996e-10, 1e-12, 370.406, 0.245866, -0.750301, 0.036537, 1, 0.0251045 
727, 7.26996e-10, 1e-12, 370.404, 0.244856, -0.750305, 0.0358454, 1, 0.0246769 
728, 7.27996e-10, 1e-12, 370.402, 0.243869, -0.750308, 0.0351574, 1, 0.0242546 
729, 7.28996e-10, 1e-12, 370.401, 0.242906, -0.750309, 0.0344729, 1, 0.0238378 
730, 7.29996e-10, 1e-12, 370.399, 0.241965, -0.75031, 0.0337922, 1, 0.0234267 
731, 7.30996e-10, 1e-12, 370.398, 0.241047, -0.750311, 0.0331152, 1, 0.0230215 
732, 7.31996e-10, 1e-12, 370.396, 0.240152, -0.75031, 0.0324422, 1, 0.0226226 
733, 7.32996e-10, 1e-12, 370.395, 0.23928, -0.750308, 0.0317731, 1, 0.02223 
734, 7.33996e-10, 1e-12, 370.394, 0.238429, -0.750307, 0.0311082, 1, 0.0218441 
735, 7.34996e-10, 1e-12, 370.392, 0.237601, -0.750305, 0.0304474, 1, 0.0214649 
736, 7.35996e-10, 1e-12, 370.391, 0.236795, -0.750303, 0.029791, 1, 0.0210926 
737, 7.36996e-10, 1e-12, 370.389, 0.23601, -0.750299, 0.0291389, 1, 0.0207277 
738, 7.37996e-10, 1e-12, 370.388, 0.235247, -0.750297, 0.0284913, 1, 0.0203699 
739, 7.38996e-10, 1e-12, 370.387, 0.234505, -0.750294, 0.0278482, 1, 0.0200197 
740, 7.39996e-10, 1e-12, 370.386, 0.233784, -0.750291, 0.0272098, 1, 0.0196771 
741, 7.40996e-10, 1e-12, 370.385, 0.233084, -0.750287, 0.0265761, 1, 0.0193423 
742, 7.41996e-10, 1e-12, 370.384, 0.232404, -0.750284, 0.0259471, 1, 0.0190152 
743, 7.42996e-10, 1e-12, 370.383, 0.231746, -0.750281, 0.025323, 1, 0.0186963 
744, 7.43996e-10, 1e-12, 370.382, 0.231107, -0.750279, 0.0247038, 1, 0.0183852 
745, 7.44996e-10, 1e-12, 370.381, 0.230488, -0.750276, 0.0240896, 1, 0.0180827 
746, 7.45996e-10, 1e-12, 370.38, 0.22989, -0.750274, 0.0234805, 1, 0.0177881 
747, 7.46996e-10, 1e-12, 370.379, 0.229311, -0.750272, 0.0228764, 1, 0.0175018 
748, 7.47996e-10, 1e-12, 370.378, 0.228751, -0.750271, 0.0222776, 1, 0.0172241 
749, 7.48996e-10, 1e-12, 370.377, 0.22821, -0.750269, 0.0216839, 1, 0.0169548 
750, 7.49996e-10, 1e-12, 370.377, 0.227689, -0.750269, 0.0210956, 1, 0.0166937 
751, 7.50996e-10, 1e-12, 370.376, 0.227186, -0.750268, 0.0205125, 1, 0.0164413 
752, 7.51996e-10, 1e-12, 370.375, 0.226702, -0.750269, 0.0199349, 1, 0.0161973 
753, 7.52995e-10, 1e-12, 370.374, 0.226236, -0.75027, 0.0193626, 1, 0.0159616 
754, 7.53995e-10, 1e-12, 370.374, 0.225789, -0.750271, 0.0187959, 1, 0.0157346 
755, 7.54995e-10, 1e-12, 370.373, 0.225359, -0.750273, 0.0182347, 1, 0.0155157 
756, 7.55995e-10, 1e-12, 370.372, 0.224947, -0.750276, 0.017679, 1, 0.0153051 
757, 7.56995e-10, 1e-12, 370.372, 0.224552, -0.750278, 0.0171289, 1, 0.0151029 
758, 7.57995e-10, 1e-12, 370.371, 0.224175, -0.750282, 0.0165845, 1, 0.0149086 
759, 7.58995e-10, 1e-12, 370.37, 0.223815, -0.750287, 0.0160457, 1, 0.0147225 
760, 7.59995e-10, 1e-12, 370.37, 0.223472, -0.750292, 0.0155127, 1, 0.0145443 
761, 7.60995e-10, 1e-12, 370.369, 0.223145, -0.750298, 0.0149853, 1, 0.0143738 
762, 7.61995e-10, 1e-12, 370.368, 0.222834, -0.750304, 0.0144638, 1, 0.0142109 
763, 7.62995e-10, 1e-12, 370.368, 0.22254, -0.750311, 0.013948, 1, 0.0140555 
764, 7.63995e-10, 1e-12, 370.367, 0.222262, -0.750319, 0.013438, 1, 0.0139076 
765, 7.64995e-10, 1e-12, 370.367, 0.222, -0.750328, 0.0129339, 1, 0.0137665 
766, 7.65995e-10, 1e-12, 370.366, 0.221753, -0.750337, 0.0124357, 1, 0.0136325 
767, 7.66995e-10, 1e-12, 370.366, 0.221522, -0.750347, 0.0119433, 1, 0.0135053 
768, 7.67995e-10, 1e-12, 370.365, 0.221305, -0.750357, 0.0114568, 1, 0.0133846 
769, 7.68995e-10, 1e-12, 370.365, 0.221104, -0.750368, 0.0109762, 1, 0.01327 
770, 7.69995e-10, 1e-12, 370.365, 0.220917, -0.750381, 0.0105016, 1, 0.0131616 
771, 7.70995e-10, 1e-12, 370.364, 0.220744, -0.750393, 0.0100329, 1, 0.0130591 
772, 7.71995e-10, 1e-12, 370.364, 0.220586, -0.750406, 0.00957015, 1, 0.0129621 
773, 7.72995e-10, 1e-12, 370.363, 0.220442, -0.75042, 0.00911336, 1, 0.0128706 
774, 7.73995e-10, 1e-12, 370.363, 0.220312, -0.750434, 0.00866255, 1, 0.0127839 
775, 7.74995e-10, 1e-12, 370.362, 0.220195, -0.75045, 0.00821772, 1, 0.0127023 
776, 7.75995e-10, 1e-12, 370.362, 0.220092, -0.750466, 0.00777886, 1, 0.0126253 
777, 7.76995e-10, 1e-12, 370.361, 0.220002, -0.750482, 0.00734598, 1, 0.0125526 
778, 7.77995e-10, 1e-12, 370.361, 0.219925, -0.750499, 0.0069191, 1, 0.0124839 
779, 7.78995e-10, 1e-12, 370.361, 0.219861, -0.750516, 0.0064982, 1, 0.0124192 
780, 7.79995e-10, 1e-12, 370.36, 0.219809, -0.750534, 0.00608328, 1, 0.0123579 
781, 7.80995e-10, 1e-12, 370.36, 0.21977, -0.750553, 0.00567435, 1, 0.0123003 
782, 7.81995e-10, 1e-12, 370.36, 0.219742, -0.750572, 0.00527141, 1, 0.0122457 
783, 7.82995e-10, 1e-12, 370.359, 0.219727, -0.750592, 0.00487443, 1, 0.0121938 
784, 7.83995e-10, 1e-12, 370.359, 0.219723, -0.750611, 0.00448342, 1, 0.0121449 
785, 7.84995e-10, 1e-12, 370.359, 0.219731, -0.750632, 0.00409837, 1, 0.0120982 
786, 7.85995e-10, 1e-12, 370.358, 0.219751, -0.750654, 0.00371927, 1, 0.0120537 
787, 7.86995e-10, 1e-12, 370.358, 0.219781, -0.750675, 0.00334611, 1, 0.0120114 
788, 7.87995e-10, 1e-12, 370.357, 0.219822, -0.750697, 0.00297888, 1, 0.0119709 
789, 7.88995e-10, 1e-12, 370.357, 0.219874, -0.750719, 0.00261757, 1, 0.0119317 
790, 7.89995e-10, 1e-12, 370.357, 0.219936, -0.750742, 0.00226215, 1, 0.0118943 
791, 7.90995e-10, 1e-12, 370.356, 0.220009, -0.750766, 0.00191262, 1, 0.011858 
792, 7.91995e-10, 1e-12, 370.356, 0.220092, -0.750789, 0.00156896, 1, 0.0118226 
793, 7.92995e-10, 1e-12, 370.356, 0.220185, -0.750813, 0.00123115, 1, 0.0117884 
794, 7.93995e-10, 1e-12, 370.355, 0.220287, -0.750837, 0.000899167, 1, 0.0117547 
795, 7.94995e-10, 1e-12, 370.355, 0.220399, -0.750861, 0.000573, 1, 0.0117218 
796, 7.95995e-10, 1e-12, 370.355, 0.22052, -0.750886, 0.000252621, 1, 0.0116891 
797, 7.96995e-10, 1e-12, 370.354, 0.22065, -0.750911, -6.19899e-05, 1, 0.0116568 
798, 7.97995e-10, 1e-12, 370.354, 0.22079, -0.750936, -0.000370856, 1, 0.0116247 
799, 7.98994e-10, 1e-12, 370.354, 0.220938, -0.750962, -0.000674002, 1, 0.0115928 
800, 7.99994e-10, 1e-12, 370.354, 0.221094, -0.750987, -0.000971453, 1, 0.0115606 
801, 8.00994e-10, 1e-12, 370.353, 0.221259, -0.751013, -0.00126324, 1, 0.0115283 
802, 8.01994e-10, 1e-12, 370.353, 0.221432, -0.751039, -0.00154938, 1, 0.0114959 
803, 8.02994e-10, 1e-12, 370.353, 0.221613, -0.751065, -0.00182991, 1, 0.011463 
804, 8.03994e-10, 1e-12, 370.352, 0.221802, -0.751091, -0.00210485, 1, 0.0114298 
805, 8.04994e-10, 1e-12, 370.352, 0.221998, -0.751118, -0.00237424, 1, 0.0113959 
806, 8.05994e-10, 1e-12, 370.352, 0.222202, -0.751144, -0.00263811, 1, 0.0113615 
807, 8.06994e-10, 1e-12, 370.351, 0.222412, -0.751171, -0.0028965, 1, 0.0113262 
808, 8.07994e-10, 1e-12, 370.351, 0.22263, -0.751198, -0.00314942, 1, 0.0112905 
809, 8.08994e-10, 1e-12, 370.351, 0.222855, -0.751224, -0.00339692, 1, 0.0112537 
810, 8.09994e-10, 1e-12, 370.351, 0.223087, -0.751251, -0.00363903, 1, 0.0112162 
811, 8.10994e-10, 1e-12, 370.35, 0.223325, -0.751278, -0.00387579, 1, 0.0111779 
812, 8.11994e-10, 1e-12, 370.35, 0.223569, -0.751304, -0.00410722, 1, 0.0111386 
813, 8.12994e-10, 1e-12, 370.35, 0.22382, -0.751331, -0.00433338, 1, 0.0110984 
814, 8.13994e-10, 1e-12, 370.349, 0.224076, -0.751358, -0.0045543, 1, 0.0110571 
815, 8.14994e-10, 1e-12, 370.349, 0.224338, -0.751385, -0.00477, 1, 0.0110146 
816, 8.15994e-10, 1e-12, 370.349, 0.224606, -0.751411, -0.00498055, 1, 0.0109712 
817, 8.16994e-10, 1e-12, 370.349, 0.22488, -0.751437, -0.00518596, 1, 0.0109267 
818, 8.17994e-10, 1e-12, 370.348, 0.225159, -0.751464, -0.00538629, 1, 0.0108811 
819, 8.18994e-10, 1e-12, 370.348, 0.225443, -0.75149, -0.00558157, 1, 0.0108343 
820, 8.19994e-10, 1e-12, 370.348, 0.225731, -0.751516, -0.00577185, 1, 0.0107864 
821, 8.20994e-10, 1e-12, 370.347, 0.226025, -0.751542, -0.00595717, 1, 0.0107374 
822, 8.21994e-10, 1e-12, 370.347, 0.226323, -0.751568, -0.00613757, 1, 0.0106873 
823, 8.22994e-10, 1e-12, 370.347, 0.226626, -0.751594, -0.00631309, 1, 0.010636 
824, 8.23994e-10, 1e-12, 370.346, 0.226934, -0.75162, -0.00648378, 1, 0.0105834 
825, 8.24994e-10, 1e-12, 370.346, 0.227245, -0.751645, -0.00664968, 1, 0.0105298 
826, 8.25994e-10, 1e-12, 370.346, 0.22756, -0.75167, -0.00681084, 1, 0.0104751 
827, 8.26994e-10, 1e-12, 370.346, 0.22788, -0.751696, -0.00696729, 1, 0.0104192 
828, 8.27994e-10, 1e-12, 370.345, 0.228203, -0.75172, -0.0071191, 1, 0.0103621 
829, 8.28994e-10, 1e-12, 370.345, 0.22853, -0.751746, -0.0072663, 1, 0.0103039 
830, 8.29994e-10, 1e-12, 370.345, 0.22886, -0.75177, -0.00740893, 1, 0.0102446 
831, 8.30994e-10, 1e-12, 370.345, 0.229193, -0.751794, -0.00754705, 1, 0.0101842 
832, 8.31994e-10, 1e-12, 370.344, 0.22953, -0.751818, -0.00768072, 1, 0.0101227 
833, 8.32994e-10, 1e-12, 370.344, 0.229869, -0.751842, -0.00780996, 1, 0.0100602 
834, 8.33994e-10, 1e-12, 370.344, 0.230212, -0.751866, -0.00793482, 1, 0.00999659 
835, 8.34994e-10, 1e-12, 370.344, 0.230557, -0.751889, -0.00805537, 1, 0.00993198 
836, 8.35994e-10, 1e-12, 370.343, 0.230905, -0.751912, -0.00817164, 1, 0.00986631 
837, 8.36994e-10, 1e-12, 370.343, 0.231255, -0.751935, -0.00828369, 1, 0.00979959 
838, 8.37994e-10, 1e-12, 370.343, 0.231608, -0.751957, -0.00839156, 1, 0.00973195 
839, 8.38994e-10, 1e-12, 370.343, 0.231962, -0.751979, -0.0084953, 1, 0.00966337 
840, 8.39994e-10, 1e-12, 370.342, 0.232319, -0.752001, -0.00859497, 1, 0.00959387 
841, 8.40994e-10, 1e-12, 370.342, 0.232678, -0.752023, -0.00869062, 1, 0.00952352 
842, 8.41994e-10, 1e-12, 370.342, 0.233039, -0.752045, -0.00878228, 1, 0.0094522 
843, 8.42994e-10, 1e-12, 370.342, 0.233401, -0.752066, -0.00887001, 1, 0.00937999 
844, 8.43993e-10, 1e-12, 370.341, 0.233765, -0.752087, -0.00895386, 1, 0.00930702 
845, 8.44993e-10, 1e-12, 370.341, 0.234131, -0.752108, -0.00903389, 1, 0.00923332 
846, 8.45993e-10, 1e-12, 370.341, 0.234497, -0.752128, -0.00911015, 1, 0.00915873 
847, 8.46993e-10, 1e-12, 370.341, 0.234865, -0.752148, -0.00918267, 1, 0.00908344 
848, 8.47993e-10, 1e-12, 370.34, 0.235234, -0.752168, -0.00925152, 1, 0.00900742 
849, 8.48993e-10, 1e-12, 370.34, 0.235605, -0.752188, -0.00931675, 1, 0.00893079 
850, 8.49993e-10, 1e-12, 370.34, 0.235976, -0.752207, -0.00937841, 1, 0.00885336 
851, 8.50993e-10, 1e-12, 370.34, 0.236347, -0.752225, -0.00943653, 1, 0.00877533 
852, 8.51993e-10, 1e-12, 370.34, 0.23672, -0.752244, -0.0094912, 1, 0.00869681 
853, 8.52993e-10, 1e-12, 370.339, 0.237093, -0.752262, -0.00954243, 1, 0.00861761 
854, 8.53993e-10, 1e-12, 370.339, 0.237466, -0.75228, -0.0095903, 1, 0.00853786 
855, 8.54993e-10, 1e-12, 370.339, 0.23784, -0.752298, -0.00963484, 1, 0.00845755 
856, 8.55993e-10, 1e-12, 370.339, 0.238214, -0.752316, -0.00967612, 1, 0.00837684 
857, 8.56993e-10, 1e-12, 370.338, 0.238589, -0.752332, -0.00971418, 1, 0.00829568 
858, 8.57993e-10, 1e-12, 370.338, 0.238963, -0.752349, -0.00974907, 1, 0.00821398 
859, 8.58993e-10, 1e-12, 370.338, 0.239337, -0.752366, -0.00978085, 1, 0.00813194 
860, 8.59993e-10, 1e-12, 370.338, 0.239712, -0.752382, -0.00980956, 1, 0.00804949 
861, 8.60993e-10, 1e-12, 370.338, 0.240086, -0.752398, -0.00983525, 1, 0.00796667 
862, 8.61993e-10, 1e-12, 370.337, 0.240459, -0.752413, -0.00985797, 1, 0.0078836 
863, 8.62993e-10, 1e-12, 370.337, 0.240833, -0.752429, -0.00987778, 1, 0.00780018 
864, 8.63993e-10, 1e-12, 370.337, 0.241206, -0.752444, -0.00989472, 1, 0.00771652 
865, 8.64993e-10, 1e-12, 370.337, 0.241578, -0.752458, -0.00990885, 1, 0.00763266 
866, 8.65993e-10, 1e-12, 370.337, 0.24195, -0.752473, -0.00992021, 1, 0.00754851 
867, 8.66993e-10, 1e-12, 370.337, 0.242321, -0.752487, -0.00992885, 1, 0.00746423 
868, 8.67993e-10, 1e-12, 370.337, 0.242691, -0.752501, -0.00993482, 1, 0.00737978 
869, 8.68993e-10, 1e-12, 370.336, 0.24306, -0.752515, -0.00993818, 1, 0.00729516 
870, 8.69993e-10, 1e-12, 370.336, 0.243429, -0.752528, -0.00993896, 1, 0.00721048 
871, 8.70993e-10, 1e-12, 370.336, 0.243796, -0.752541, -0.00993723, 1, 0.0071257 
872, 8.71993e-10, 1e-12, 370.336, 0.244163, -0.752554, -0.00993302, 1, 0.00704086 
873, 8.72993e-10, 1e-12, 370.336, 0.244528, -0.752567, -0.00992638, 1, 0.00695604 
874, 8.73993e-10, 1e-12, 370.335, 0.244892, -0.752578, -0.00991737, 1, 0.00687117 
875, 8.74993e-10, 1e-12, 370.335, 0.245254, -0.752591, -0.00990602, 1, 0.00678639 
876, 8.75993e-10, 1e-12, 370.335, 0.245616, -0.752602, -0.0098924, 1, 0.00670163 
877, 8.76993e-10, 1e-12, 370.335, 0.245976, -0.752614, -0.00987653, 1, 0.00661693 
878, 8.77993e-10, 1e-12, 370.335, 0.246334, -0.752625, -0.00985848, 1, 0.00653235 
879, 8.78993e-10, 1e-12, 370.335, 0.246691, -0.752636, -0.00983828, 1, 0.00644784 
880, 8.79993e-10, 1e-12, 370.334, 0.247046, -0.752647, -0.00981599, 1, 0.00636351 
881, 8.80993e-10, 1e-12, 370.334, 0.2474, -0.752657, -0.00979165, 1, 0.00627936 
882, 8.81993e-10, 1e-12, 370.334, 0.247752, -0.752668, -0.0097653, 1, 0.00619537 
883, 8.82993e-10, 1e-12, 370.334, 0.248102, -0.752678, -0.00973699, 1, 0.00611163 
884, 8.83993e-10, 1e-12, 370.334, 0.24845, -0.752688, -0.00970677, 1, 0.00602815 
885, 8.84993e-10, 1e-12, 370.334, 0.248797, -0.752697, -0.00967466, 1, 0.00594487 
886, 8.85993e-10, 1e-12, 370.334, 0.249141, -0.752707, -0.00964074, 1, 0.00586187 
887, 8.86993e-10, 1e-12, 370.334, 0.249484, -0.752716, -0.00960503, 1, 0.00577919 
888, 8.87993e-10, 1e-12, 370.333, 0.249824, -0.752725, -0.00956758, 1, 0.00569683 
889, 8.88992e-10, 1e-12, 370.333, 0.250163, -0.752734, -0.00952845, 1, 0.0056148 
890, 8.89992e-10, 1e-12, 370.333, 0.250499, -0.752742, -0.00948764, 1, 0.00553315 
891, 8.90992e-10, 1e-12, 370.333, 0.250833, -0.752751, -0.00944522, 1, 0.00545187 
892, 8.91992e-10, 1e-12, 370.333, 0.251165, -0.752759, -0.00940125, 1, 0.00537101 
893, 8.92992e-10, 1e-12, 370.333, 0.251495, -0.752767, -0.00935574, 1, 0.00529055 
894, 8.93992e-10, 1e-12, 370.333, 0.251823, -0.752775, -0.00930874, 1, 0.00521055 
895, 8.94992e-10, 1e-12, 370.333, 0.252148, -0.752783, -0.00926029, 1, 0.005131 
896, 8.95992e-10, 1e-12, 370.332, 0.252471, -0.75279, -0.00921043, 1, 0.00505187 
897, 8.96992e-10, 1e-12, 370.332, 0.252791, -0.752798, -0.00915922, 1, 0.0049733 
898, 8.97992e-10, 1e-12, 370.332, 0.253109, -0.752804, -0.00910667, 1, 0.0048952 
899, 8.98992e-10, 1e-12, 370.332, 0.253425, -0.752811, -0.00905283, 1, 0.00481767 
900, 8.99992e-10, 1e-12, 370.332, 0.253738, -0.752819, -0.00899774, 1, 0.00474063 
901, 9.00992e-10, 1e-12, 370.332, 0.254049, -0.752825, -0.00894144, 1, 0.00466419 
902, 9.01992e-10, 1e-12, 370.332, 0.254357, -0.752832, -0.00888396, 1, 0.0045883 
903, 9.02992e-10, 1e-12, 370.331, 0.254662, -0.752838, -0.00882536, 1, 0.00451303 
904, 9.03992e-10, 1e-12, 370.331, 0.254965, -0.752845, -0.00876564, 1, 0.00443832 
905, 9.04992e-10, 1e-12, 370.331, 0.255265, -0.752851, -0.00870487, 1, 0.00436425 
906, 9.05992e-10, 1e-12, 370.331, 0.255563, -0.752856, -0.00864307, 1, 0.00429083 
907, 9.06992e-10, 1e-12, 370.331, 0.255858, -0.752863, -0.00858027, 1, 0.00421805 
908, 9.07992e-10, 1e-12, 370.331, 0.256151, -0.752868, -0.00851652, 1, 0.00414595 
909, 9.08992e-10, 1e-12, 370.331, 0.25644, -0.752874, -0.00845186, 1, 0.00407449 
910, 9.09992e-10, 1e-12, 370.331, 0.256727, -0.75288, -0.0083863, 1, 0.00400376 
911, 9.10992e-10, 1e-12, 370.331, 0.257011, -0.752885, -0.00831988, 1, 0.00393374 
912, 9.11992e-10, 1e-12, 370.331, 0.257293, -0.75289, -0.00825265, 1, 0.0038644 
913, 9.12992e-10, 1e-12, 370.331, 0.257571, -0.752895, -0.00818463, 1, 0.00379579 
914, 9.13992e-10, 1e-12, 370.331, 0.257847, -0.7529, -0.00811586, 1, 0.00372794 
915, 9.14992e-10, 1e-12, 370.33, 0.25812, -0.752905, -0.00804637, 1, 0.00366085 
916, 9.15992e-10, 1e-12, 370.33, 0.25839, -0.75291, -0.00797618, 1, 0.00359452 
917, 9.16992e-10, 1e-12, 370.33, 0.258658, -0.752915, -0.00790534, 1, 0.00352893 
918, 9.17992e-10, 1e-12, 370.33, 0.258922, -0.752919, -0.00783387, 1, 0.00346417 
919, 9.18992e-10, 1e-12, 370.33, 0.259184, -0.752924, -0.0077618, 1, 0.0034002 
920, 9.19992e-10, 1e-12, 370.33, 0.259443, -0.752929, -0.00768916, 1, 0.00333704 
921, 9.20992e-10, 1e-12, 370.33, 0.259699, -0.752933, -0.00761599, 1, 0.0032747 
922, 9.21992e-10, 1e-12, 370.33, 0.259952, -0.752937, -0.0075423, 1, 0.00321315 
923, 9.22992e-10, 1e-12, 370.33, 0.260202, -0.752942, -0.00746814, 1, 0.00315246 
924, 9.23992e-10, 1e-12, 370.33, 0.260449, -0.752946, -0.00739352, 1, 0.00309263 
925, 9.24992e-10, 1e-12, 370.33, 0.260694, -0.75295, -0.00731849, 1, 0.00303366 
926, 9.25992e-10, 1e-12, 370.33, 0.260935, -0.752954, -0.00724304, 1, 0.00297556 
927, 9.26992e-10, 1e-12, 370.33, 0.261174, -0.752958, -0.00716724, 1, 0.00291831 
928, 9.27992e-10, 1e-12, 370.33, 0.26141, -0.752962, -0.00709109, 1, 0.00286196 
929, 9.28992e-10, 1e-12, 370.33, 0.261642, -0.752966, -0.00701463, 1, 0.00284595 
930, 9.29992e-10, 1e-12, 370.33, 0.261872, -0.752969, -0.00693786, 1, 0.0028326 
931, 9.30992e-10, 1e-12, 370.329, 0.262099, -0.752973, -0.00686084, 1, 0.00281893 
932, 9.31992e-10, 1e-12, 370.329, 0.262323, -0.752977, -0.00678357, 1, 0.00280484 
933, 9.32992e-10, 1e-12, 370.329, 0.262544, -0.75298, -0.00670608, 1, 0.00279041 
934, 9.33992e-10, 1e-12, 370.329, 0.262762, -0.752984, -0.0066284, 1, 0.00277565 
935, 9.34992e-10, 1e-12, 370.329, 0.262978, -0.752987, -0.00655056, 1, 0.0027605 
936, 9.35992e-10, 1e-12, 370.329, 0.26319, -0.752991, -0.00647256, 1, 0.00274504 
937, 9.36991e-10, 1e-12, 370.329, 0.263399, -0.752995, -0.00639444, 1, 0.00272925 
938, 9.37991e-10, 1e-12, 370.329, 0.263606, -0.752998, -0.00631622, 1, 0.00271312 
939, 9.38991e-10, 1e-12, 370.329, 0.26381, -0.753001, -0.00623793, 1, 0.00269669 
940, 9.39991e-10, 1e-12, 370.329, 0.26401, -0.753005, -0.00615957, 1, 0.00267993 
941, 9.40991e-10, 1e-12, 370.329, 0.264208, -0.753008, -0.00608117, 1, 0.00266288 
942, 9.41991e-10, 1e-12, 370.329, 0.264403, -0.753011, -0.00600276, 1, 0.00264552 
943, 9.42991e-10, 1e-12, 370.329, 0.264595, -0.753014, -0.00592435, 1, 0.0026279 
944, 9.43991e-10, 1e-12, 370.329, 0.264785, -0.753017, -0.00584597, 1, 0.00260998 
945, 9.44991e-10, 1e-12, 370.329, 0.264971, -0.75302, -0.00576763, 1, 0.00259182 
946, 9.45991e-10, 1e-12, 370.329, 0.265155, -0.753024, -0.00568935, 1, 0.00257335 
947, 9.46991e-10, 1e-12, 370.329, 0.265335, -0.753027, -0.00561115, 1, 0.00255464 
948, 9.47991e-10, 1e-12, 370.329, 0.265513, -0.75303, -0.00553305, 1, 0.00253571 
949, 9.48991e-10, 1e-12, 370.329, 0.265688, -0.753033, -0.00545507, 1, 0.00251651 
950, 9.49991e-10, 1e-12, 370.329, 0.265861, -0.753036, -0.00537723, 1, 0.00249707 
951, 9.50991e-10, 1e-12, 370.329, 0.26603, -0.753039, -0.00529953, 1, 0.00247745 
952, 9.51991e-10, 1e-12, 370.329, 0.266197, -0.753042, -0.00522201, 1, 0.00245758 
953, 9.52991e-10, 1e-12, 370.328, 0.266361, -0.753045, -0.00514467, 1, 0.00243751 
954, 9.53991e-10, 1e-12, 370.328, 0.266522, -0.753048, -0.00506753, 1, 0.00241724 
955, 9.54991e-10, 1e-12, 370.328, 0.26668, -0.753051, -0.00499061, 1, 0.00239678 
956, 9.55991e-10, 1e-12, 370.328, 0.266836, -0.753054, -0.00491391, 1, 0.00237615 
957, 9.56991e-10, 1e-12, 370.328, 0.266989, -0.753057, -0.00483747, 1, 0.00235532 
958, 9.57991e-10, 1e-12, 370.328, 0.267139, -0.75306, -0.00476129, 1, 0.00233433 
959, 9.58991e-10, 1e-12, 370.328, 0.267287, -0.753063, -0.00468539, 1, 0.00231318 
960, 9.59991e-10, 1e-12, 370.328, 0.267432, -0.753066, -0.00460977, 1, 0.00229188 
961, 9.60991e-10, 1e-12, 370.328, 0.267574, -0.753069, -0.00453446, 1, 0.0022704 
962, 9.61991e-10, 1e-12, 370.328, 0.267714, -0.753071, -0.00445946, 1, 0.00224887 
963, 9.62991e-10, 1e-12, 370.328, 0.267851, -0.753075, -0.00438479, 1, 0.00222804 
964, 9.63991e-10, 1e-12, 370.328, 0.267985, -0.753077, -0.00431047, 1, 0.00220703 
965, 9.64991e-10, 1e-12, 370.328, 0.268117, -0.75308, -0.00423651, 1, 0.0021859 
966, 9.65991e-10, 1e-12, 370.328, 0.268246, -0.753083, -0.0041629, 1, 0.00216463 
967, 9.66991e-10, 1e-12, 370.328, 0.268373, -0.753086, -0.00408967, 1, 0.00214322 
968, 9.67991e-10, 1e-12, 370.328, 0.268497, -0.753089, -0.00401684, 1, 0.00212172 
969, 9.68991e-10, 1e-12, 370.328, 0.268618, -0.753091, -0.0039444, 1, 0.00210009 
970, 9.69991e-10, 1e-12, 370.328, 0.268737, -0.753094, -0.00387237, 1, 0.00207834 
971, 9.70991e-10, 1e-12, 370.328, 0.268854, -0.753097, -0.00380077, 1, 0.00205651 
972, 9.71991e-10, 1e-12, 370.328, 0.268968, -0.7531, -0.00372959, 1, 0.00203458 
973, 9.72991e-10, 1e-12, 370.328, 0.26908, -0.753103, -0.00365885, 1, 0.00201261 
974, 9.73991e-10, 1e-12, 370.328, 0.269189, -0.753106, -0.00358857, 1, 0.00199056 
975, 9.74991e-10, 1e-12, 370.328, 0.269296, -0.753108, -0.00351874, 1, 0.00196841 
976, 9.75991e-10, 1e-12, 370.328, 0.2694, -0.753111, -0.00344938, 1, 0.00194623 
977, 9.76991e-10, 1e-12, 370.328, 0.269503, -0.753114, -0.00338049, 1, 0.00192399 
978, 9.77991e-10, 1e-12, 370.328, 0.269602, -0.753117, -0.00331209, 1, 0.00190173 
979, 9.78991e-10, 1e-12, 370.328, 0.2697, -0.753119, -0.00324418, 1, 0.00187942 
980, 9.79991e-10, 1e-12, 370.328, 0.269795, -0.753123, -0.00317677, 1, 0.00185709 
981, 9.80991e-10, 1e-12, 370.328, 0.269888, -0.753125, -0.00310987, 1, 0.00183474 
982, 9.8199e-10, 1e-12, 370.328, 0.269978, -0.753128, -0.00304348, 1, 0.00181236 
983, 9.8299e-10, 1e-12, 370.328, 0.270066, -0.753131, -0.00297761, 1, 0.00179003 
984, 9.8399e-10, 1e-12, 370.328, 0.270152, -0.753133, -0.00291227, 1, 0.00176767 
985, 9.8499e-10, 1e-12, 370.328, 0.270236, -0.753136, -0.00284746, 1, 0.00174532 
986, 9.8599e-10, 1e-12, 370.328, 0.270318, -0.753139, -0.00278319, 1, 0.001723 
987, 9.8699e-10, 1e-12, 370.328, 0.270397, -0.753142, -0.00271947, 1, 0.00170068 
988, 9.8799e-10, 1e-12, 370.328, 0.270475, -0.753145, -0.00265629, 1, 0.00167841 
989, 9.8899e-10, 1e-12, 370.328, 0.27055, -0.753148, -0.00259367, 1, 0.00165618 
990, 9.8999e-10, 1e-12, 370.328, 0.270623, -0.753151, -0.00253161, 1, 0.00163398 
991, 9.9099e-10, 1e-12, 370.328, 0.270694, -0.753153, -0.00247012, 1, 0.00161187 
992, 9.9199e-10, 1e-12, 370.328, 0.270763, -0.753156, -0.0024092, 1, 0.00158979 
993, 9.9299e-10, 1e-12, 370.328, 0.27083, -0.753159, -0.00234885, 1, 0.00156777 
994, 9.9399e-10, 1e-12, 370.328, 0.270895, -0.753161, -0.00228908, 1, 0.00154587 
995, 9.9499e-10, 1e-12, 370.328, 0.270958, -0.753164, -0.00222989, 1, 0.001524 
996, 9.9599e-10, 1e-12, 370.328, 0.271019, -0.753167, -0.00217129, 1, 0.00150225 
997, 9.9699e-10, 1e-12, 370.328, 0.271078, -0.75317, -0.00211327, 1, 0.00148059 
998, 9.9799e-10, 1e-12, 370.328, 0.271135, -0.753173, -0.00205585, 1, 0.00145899 
999, 9.9899e-10, 1e-12, 370.328, 0.271191, -0.753176, -0.00199902, 1, 0.00143755 
1000, 9.9999e-10, 1e-12, 370.328, 0.271244, -0.753178, -0.00194279, 1, 0.00141621 
1001, 1.00099e-09, 1e-12, 370.328, 0.271296, -0.753181, -0.00188716, 1, 0.001395 
1002, 1.00199e-09, 1e-12, 370.328, 0.271345, -0.753184, -0.00183213, 1, 0.00137393 
1003, 1.00299e-09, 1e-12, 370.328, 0.271393, -0.753187, -0.0017777, 1, 0.00135297 
1004, 1.00399e-09, 1e-12, 370.327, 0.271439, -0.753189, -0.00172389, 1, 0.00133215 
1005, 1.00499e-09, 1e-12, 370.327, 0.271484, -0.753193, -0.00167068, 1, 0.00131147 
1006, 1.00599e-09, 1e-12, 370.327, 0.271526, -0.753195, -0.00161808, 1, 0.00129092 
1007, 1.00699e-09, 1e-12, 370.328, 0.271567, -0.753198, -0.00156609, 1, 0.00127054 
1008, 1.00799e-09, 1e-12, 370.327, 0.271606, -0.753201, -0.00151471, 1, 0.00125036 
1009, 1.00899e-09, 1e-12, 370.327, 0.271644, -0.753203, -0.00146395, 1, 0.00123033 
1010, 1.00999e-09, 1e-12, 370.327, 0.271679, -0.753206, -0.0014138, 1, 0.00121047 
1011, 1.01099e-09, 1e-12, 370.328, 0.271714, -0.753209, -0.00136426, 1, 0.0011908 
1012, 1.01199e-09, 1e-12, 370.328, 0.271746, -0.753212, -0.00131534, 1, 0.00117136 
1013, 1.01299e-09, 1e-12, 370.328, 0.271777, -0.753214, -0.00126703, 1, 0.0011521 
1014, 1.01399e-09, 1e-12, 370.328, 0.271807, -0.753217, -0.00121934, 1, 0.00113303 
1015, 1.01499e-09, 1e-12, 370.328, 0.271835, -0.75322, -0.00117227, 1, 0.00111413 
1016, 1.01599e-09, 1e-12, 370.328, 0.271861, -0.753223, -0.0011258, 1, 0.00109547 
1017, 1.01699e-09, 1e-12, 370.327, 0.271886, -0.753225, -0.00107996, 1, 0.00107702 
1018, 1.01799e-09, 1e-12, 370.327, 0.271909, -0.753228, -0.00103473, 1, 0.00105879 
1019, 1.01899e-09, 1e-12, 370.327, 0.271931, -0.75323, -0.000990108, 1, 0.00104085 
1020, 1.01999e-09, 1e-12, 370.327, 0.271952, -0.753233, -0.000946102, 1, 0.00102308 
1021, 1.02099e-09, 1e-12, 370.327, 0.271971, -0.753236, -0.000902707, 1, 0.0010056 
1022, 1.02199e-09, 1e-12, 370.328, 0.271988, -0.753238, -0.000859923, 1, 0.000988369 
Torque is too low. Breaking simulation...
SEED = 2010
Simulation completed in 76.409211 seconds.
program exit staus = 0
